This is pdfTeX, Version 3.14159265-2.6-1.40.21 (MiKTeX 2.9.7300 64-bit) (preloaded format=pdflatex 2020.3.23)  28 APR 2020 23:07
entering extended mode
**./sprawozdanie.tex
(sprawozdanie.tex
LaTeX2e <2020-02-02> patch level 2
L3 programming layer <2020-02-14> ("D:\MiKTeX 2.9\tex/latex/mwcls\mwrep.cls"
Document Class: mwrep 2017/05/13 v0.75 A LaTeX document class (MW)
*** Beta version. Formatting may change
*** in future versions of this class.
("D:\MiKTeX 2.9\tex/latex/mwcls\mw11.clo"
File: mw11.clo 2017/05/13 v0.75 A document class size option (MW)
)
\@parindent=\dimen134
\c@part=\count167
\c@chapter=\count168
\c@section=\count169
\c@subsection=\count170
\c@subsubsection=\count171
\c@paragraph=\count172
\c@subparagraph=\count173
\c@figure=\count174
\c@table=\count175
\abovecaptionskip=\skip47
\belowcaptionskip=\skip48
\bibindent=\dimen135
)
("D:\MiKTeX 2.9\tex/latex/geometry\geometry.sty"
Package: geometry 2020/01/02 v5.9 Page Geometry

("D:\MiKTeX 2.9\tex/latex/graphics\keyval.sty"
Package: keyval 2014/10/28 v1.15 key=value parser (DPC)
\KV@toks@=\toks14
)
("D:\MiKTeX 2.9\tex/generic/iftex\ifvtex.sty"
Package: ifvtex 2019/10/25 v1.7 ifvtex legacy package. Use iftex instead.

("D:\MiKTeX 2.9\tex/generic/iftex\iftex.sty"
Package: iftex 2019/11/07 v1.0c TeX engine tests
))
\Gm@cnth=\count176
\Gm@cntv=\count177
\c@Gm@tempcnt=\count178
\Gm@bindingoffset=\dimen136
\Gm@wd@mp=\dimen137
\Gm@odd@mp=\dimen138
\Gm@even@mp=\dimen139
\Gm@layoutwidth=\dimen140
\Gm@layoutheight=\dimen141
\Gm@layouthoffset=\dimen142
\Gm@layoutvoffset=\dimen143
\Gm@dimlist=\toks15

("D:\MiKTeX 2.9\tex/latex/geometry\geometry.cfg"))
("D:\MiKTeX 2.9\tex/latex/base\fontenc.sty"
Package: fontenc 2020/02/11 v2.0o Standard LaTeX package
)
("D:\MiKTeX 2.9\tex/latex/polski\polski.sty"
Package: polski 2017/05/04 v1.3.4 Polish language package

   Switching to Polish text encoding and Polish maths fonts.
("D:\MiKTeX 2.9\tex/latex/base\ot4enc.def"
File: ot4enc.def 2020/02/11 v2.0o Standard LaTeX file
Now handling font encoding OT4 ...
... no UTF-8 mapping file for font encoding OT4
)
LaTeX Font Info:    Trying to load font information for OT4+cmr on input line 3
60.

("D:\MiKTeX 2.9\tex/latex/polski\ot4cmr.fd"
File: ot4cmr.fd 2008/02/24 v1.2.1 Font defs for fonts PL (MW)
)
LaTeX Font Info:    Overwriting math alphabet `\mathbf' in version `normal'
(Font)                  OT1/cmr/bx/n --> OT4/cmr/bx/n on input line 360.
LaTeX Font Info:    Overwriting math alphabet `\mathsf' in version `normal'
(Font)                  OT1/cmss/m/n --> OT4/cmss/m/n on input line 360.
LaTeX Font Info:    Overwriting math alphabet `\mathit' in version `normal'
(Font)                  OT1/cmr/m/it --> OT4/cmr/m/it on input line 360.
LaTeX Font Info:    Overwriting math alphabet `\mathtt' in version `normal'
(Font)                  OT1/cmtt/m/n --> OT4/cmtt/m/n on input line 360.
LaTeX Font Info:    Overwriting math alphabet `\mathsf' in version `bold'
(Font)                  OT1/cmss/bx/n --> OT4/cmss/bx/n on input line 360.
LaTeX Font Info:    Overwriting math alphabet `\mathit' in version `bold'
(Font)                  OT1/cmr/bx/it --> OT4/cmr/bx/it on input line 360.
LaTeX Font Info:    Encoding `OT1' has changed to `OT4' for symbol font
(Font)              `operators' in the math version `normal' on input line 360.

LaTeX Font Info:    Overwriting symbol font `operators' in version `normal'
(Font)                  OT1/cmr/m/n --> OT4/cmr/m/n on input line 360.
LaTeX Font Info:    Overwriting symbol font `letters' in version `normal'
(Font)                  OML/cmm/m/it --> OML/plm/m/it on input line 360.
LaTeX Font Info:    Overwriting symbol font `symbols' in version `normal'
(Font)                  OMS/cmsy/m/n --> OMS/plsy/m/n on input line 360.
LaTeX Font Info:    Overwriting symbol font `largesymbols' in version `normal'
(Font)                  OMX/cmex/m/n --> OMX/plex/m/n on input line 360.
LaTeX Font Info:    Encoding `OT1' has changed to `OT4' for symbol font
(Font)              `operators' in the math version `bold' on input line 360.
LaTeX Font Info:    Overwriting symbol font `operators' in version `bold'
(Font)                  OT1/cmr/bx/n --> OT4/cmr/bx/n on input line 360.
LaTeX Font Info:    Overwriting symbol font `letters' in version `bold'
(Font)                  OML/cmm/b/it --> OML/plm/b/it on input line 360.
LaTeX Font Info:    Overwriting symbol font `symbols' in version `bold'
(Font)                  OMS/cmsy/b/n --> OMS/plsy/b/n on input line 360.
)
("D:\MiKTeX 2.9\tex/latex/amsmath\amsmath.sty"
Package: amsmath 2020/01/20 v2.17e AMS math features
\@mathmargin=\skip49

For additional information on amsmath, use the `?' option.
("D:\MiKTeX 2.9\tex/latex/amsmath\amstext.sty"
Package: amstext 2000/06/29 v2.01 AMS text

("D:\MiKTeX 2.9\tex/latex/amsmath\amsgen.sty"
File: amsgen.sty 1999/11/30 v2.0 generic functions
\@emptytoks=\toks16
\ex@=\dimen144
))
("D:\MiKTeX 2.9\tex/latex/amsmath\amsbsy.sty"
Package: amsbsy 1999/11/29 v1.2d Bold Symbols
\pmbraise@=\dimen145
)
("D:\MiKTeX 2.9\tex/latex/amsmath\amsopn.sty"
Package: amsopn 2016/03/08 v2.02 operator names
)
\inf@bad=\count179
LaTeX Info: Redefining \frac on input line 227.
\uproot@=\count180
\leftroot@=\count181
LaTeX Info: Redefining \overline on input line 389.
\classnum@=\count182
\DOTSCASE@=\count183
LaTeX Info: Redefining \ldots on input line 486.
LaTeX Info: Redefining \dots on input line 489.
LaTeX Info: Redefining \cdots on input line 610.
\Mathstrutbox@=\box45
\strutbox@=\box46
\big@size=\dimen146
LaTeX Font Info:    Redeclaring font encoding OML on input line 733.
LaTeX Font Info:    Redeclaring font encoding OMS on input line 734.
\macc@depth=\count184
\c@MaxMatrixCols=\count185
\dotsspace@=\muskip16
\c@parentequation=\count186
\dspbrk@lvl=\count187
\tag@help=\toks17
\row@=\count188
\column@=\count189
\maxfields@=\count190
\andhelp@=\toks18
\eqnshift@=\dimen147
\alignsep@=\dimen148
\tagshift@=\dimen149
\tagwidth@=\dimen150
\totwidth@=\dimen151
\lineht@=\dimen152
\@envbody=\toks19
\multlinegap=\skip50
\multlinetaggap=\skip51
\mathdisplay@stack=\toks20
LaTeX Info: Redefining \[ on input line 2859.
LaTeX Info: Redefining \] on input line 2860.
)
("D:\MiKTeX 2.9\tex/latex/amsfonts\amsfonts.sty"
Package: amsfonts 2013/01/14 v3.01 Basic AMSFonts support
\symAMSa=\mathgroup4
\symAMSb=\mathgroup5
LaTeX Font Info:    Redeclaring math symbol \hbar on input line 98.
LaTeX Font Info:    Overwriting math alphabet `\mathfrak' in version `bold'
(Font)                  U/euf/m/n --> U/euf/b/n on input line 106.
)
("D:\MiKTeX 2.9\tex/latex/amsfonts\amssymb.sty"
Package: amssymb 2013/01/14 v3.01 AMS font symbols
)
("D:\MiKTeX 2.9\tex/latex/graphics\graphicx.sty"
Package: graphicx 2019/11/30 v1.2a Enhanced LaTeX Graphics (DPC,SPQR)

("D:\MiKTeX 2.9\tex/latex/graphics\graphics.sty"
Package: graphics 2019/11/30 v1.4a Standard LaTeX Graphics (DPC,SPQR)

("D:\MiKTeX 2.9\tex/latex/graphics\trig.sty"
Package: trig 2016/01/03 v1.10 sin cos tan (DPC)
)
("D:\MiKTeX 2.9\tex/latex/graphics-cfg\graphics.cfg"
File: graphics.cfg 2016/06/04 v1.11 sample graphics configuration
)
Package graphics Info: Driver file: pdftex.def on input line 105.

("D:\MiKTeX 2.9\tex/latex/graphics-def\pdftex.def"
File: pdftex.def 2018/01/08 v1.0l Graphics/color driver for pdftex
))
\Gin@req@height=\dimen153
\Gin@req@width=\dimen154
)
("D:\MiKTeX 2.9\tex/latex/url\url.sty"
\Urlmuskip=\muskip17
Package: url 2013/09/16  ver 3.4  Verb mode for urls, etc.
)
("D:\MiKTeX 2.9\tex/latex/pgf/frontendlayer\tikz.sty"
("D:\MiKTeX 2.9\tex/latex/pgf/basiclayer\pgf.sty"
("D:\MiKTeX 2.9\tex/latex/pgf/utilities\pgfrcs.sty"
("D:\MiKTeX 2.9\tex/generic/pgf/utilities\pgfutil-common.tex"
\pgfutil@everybye=\toks21
\pgfutil@tempdima=\dimen155
\pgfutil@tempdimb=\dimen156

("D:\MiKTeX 2.9\tex/generic/pgf/utilities\pgfutil-common-lists.tex"))
("D:\MiKTeX 2.9\tex/generic/pgf/utilities\pgfutil-latex.def"
\pgfutil@abb=\box47

("D:\MiKTeX 2.9\tex/latex/ms\everyshi.sty"
Package: everyshi 2001/05/15 v3.00 EveryShipout Package (MS)
))
("D:\MiKTeX 2.9\tex/generic/pgf/utilities\pgfrcs.code.tex"
("D:\MiKTeX 2.9\tex/generic/pgf\pgf.revision.tex")
Package: pgfrcs 2020/01/08 v3.1.5b (3.1.5b)
))
Package: pgf 2020/01/08 v3.1.5b (3.1.5b)

("D:\MiKTeX 2.9\tex/latex/pgf/basiclayer\pgfcore.sty"
("D:\MiKTeX 2.9\tex/latex/pgf/systemlayer\pgfsys.sty"
("D:\MiKTeX 2.9\tex/generic/pgf/systemlayer\pgfsys.code.tex"
Package: pgfsys 2020/01/08 v3.1.5b (3.1.5b)

("D:\MiKTeX 2.9\tex/generic/pgf/utilities\pgfkeys.code.tex"
\pgfkeys@pathtoks=\toks22
\pgfkeys@temptoks=\toks23

("D:\MiKTeX 2.9\tex/generic/pgf/utilities\pgfkeysfiltered.code.tex"
\pgfkeys@tmptoks=\toks24
))
\pgf@x=\dimen157
\pgf@y=\dimen158
\pgf@xa=\dimen159
\pgf@ya=\dimen160
\pgf@xb=\dimen161
\pgf@yb=\dimen162
\pgf@xc=\dimen163
\pgf@yc=\dimen164
\pgf@xd=\dimen165
\pgf@yd=\dimen166
\w@pgf@writea=\write3
\r@pgf@reada=\read2
\c@pgf@counta=\count191
\c@pgf@countb=\count192
\c@pgf@countc=\count193
\c@pgf@countd=\count194
\t@pgf@toka=\toks25
\t@pgf@tokb=\toks26
\t@pgf@tokc=\toks27
\pgf@sys@id@count=\count195

("D:\MiKTeX 2.9\tex/generic/pgf/systemlayer\pgf.cfg"
File: pgf.cfg 2020/01/08 v3.1.5b (3.1.5b)
)
Driver file for pgf: pgfsys-pdftex.def

("D:\MiKTeX 2.9\tex/generic/pgf/systemlayer\pgfsys-pdftex.def"
File: pgfsys-pdftex.def 2020/01/08 v3.1.5b (3.1.5b)

("D:\MiKTeX 2.9\tex/generic/pgf/systemlayer\pgfsys-common-pdf.def"
File: pgfsys-common-pdf.def 2020/01/08 v3.1.5b (3.1.5b)
)))
("D:\MiKTeX 2.9\tex/generic/pgf/systemlayer\pgfsyssoftpath.code.tex"
File: pgfsyssoftpath.code.tex 2020/01/08 v3.1.5b (3.1.5b)
\pgfsyssoftpath@smallbuffer@items=\count196
\pgfsyssoftpath@bigbuffer@items=\count197
)
("D:\MiKTeX 2.9\tex/generic/pgf/systemlayer\pgfsysprotocol.code.tex"
File: pgfsysprotocol.code.tex 2020/01/08 v3.1.5b (3.1.5b)
))
("D:\MiKTeX 2.9\tex/latex/xcolor\xcolor.sty"
Package: xcolor 2016/05/11 v2.12 LaTeX color extensions (UK)

("D:\MiKTeX 2.9\tex/latex/graphics-cfg\color.cfg"
File: color.cfg 2016/01/02 v1.6 sample color configuration
)
Package xcolor Info: Driver file: pdftex.def on input line 225.
Package xcolor Info: Model `cmy' substituted by `cmy0' on input line 1348.
Package xcolor Info: Model `hsb' substituted by `rgb' on input line 1352.
Package xcolor Info: Model `RGB' extended on input line 1364.
Package xcolor Info: Model `HTML' substituted by `rgb' on input line 1366.
Package xcolor Info: Model `Hsb' substituted by `hsb' on input line 1367.
Package xcolor Info: Model `tHsb' substituted by `hsb' on input line 1368.
Package xcolor Info: Model `HSB' substituted by `hsb' on input line 1369.
Package xcolor Info: Model `Gray' substituted by `gray' on input line 1370.
Package xcolor Info: Model `wave' substituted by `hsb' on input line 1371.
)
("D:\MiKTeX 2.9\tex/generic/pgf/basiclayer\pgfcore.code.tex"
Package: pgfcore 2020/01/08 v3.1.5b (3.1.5b)

("D:\MiKTeX 2.9\tex/generic/pgf/math\pgfmath.code.tex"
("D:\MiKTeX 2.9\tex/generic/pgf/math\pgfmathcalc.code.tex"
("D:\MiKTeX 2.9\tex/generic/pgf/math\pgfmathutil.code.tex")
("D:\MiKTeX 2.9\tex/generic/pgf/math\pgfmathparser.code.tex"
\pgfmath@dimen=\dimen167
\pgfmath@count=\count198
\pgfmath@box=\box48
\pgfmath@toks=\toks28
\pgfmath@stack@operand=\toks29
\pgfmath@stack@operation=\toks30
)
("D:\MiKTeX 2.9\tex/generic/pgf/math\pgfmathfunctions.code.tex"
("D:\MiKTeX 2.9\tex/generic/pgf/math\pgfmathfunctions.basic.code.tex")
("D:\MiKTeX 2.9\tex/generic/pgf/math\pgfmathfunctions.trigonometric.code.tex")
("D:\MiKTeX 2.9\tex/generic/pgf/math\pgfmathfunctions.random.code.tex")
("D:\MiKTeX 2.9\tex/generic/pgf/math\pgfmathfunctions.comparison.code.tex")
("D:\MiKTeX 2.9\tex/generic/pgf/math\pgfmathfunctions.base.code.tex")
("D:\MiKTeX 2.9\tex/generic/pgf/math\pgfmathfunctions.round.code.tex")
("D:\MiKTeX 2.9\tex/generic/pgf/math\pgfmathfunctions.misc.code.tex")
("D:\MiKTeX 2.9\tex/generic/pgf/math\pgfmathfunctions.integerarithmetics.code.t
ex"))) ("D:\MiKTeX 2.9\tex/generic/pgf/math\pgfmathfloat.code.tex"
\c@pgfmathroundto@lastzeros=\count199
))
("D:\MiKTeX 2.9\tex/generic/pgf/math\pgfint.code.tex")
("D:\MiKTeX 2.9\tex/generic/pgf/basiclayer\pgfcorepoints.code.tex"
File: pgfcorepoints.code.tex 2020/01/08 v3.1.5b (3.1.5b)
\pgf@picminx=\dimen168
\pgf@picmaxx=\dimen169
\pgf@picminy=\dimen170
\pgf@picmaxy=\dimen171
\pgf@pathminx=\dimen172
\pgf@pathmaxx=\dimen173
\pgf@pathminy=\dimen174
\pgf@pathmaxy=\dimen175
\pgf@xx=\dimen176
\pgf@xy=\dimen177
\pgf@yx=\dimen178
\pgf@yy=\dimen179
\pgf@zx=\dimen180
\pgf@zy=\dimen181
)
("D:\MiKTeX 2.9\tex/generic/pgf/basiclayer\pgfcorepathconstruct.code.tex"
File: pgfcorepathconstruct.code.tex 2020/01/08 v3.1.5b (3.1.5b)
\pgf@path@lastx=\dimen182
\pgf@path@lasty=\dimen183
)
("D:\MiKTeX 2.9\tex/generic/pgf/basiclayer\pgfcorepathusage.code.tex"
File: pgfcorepathusage.code.tex 2020/01/08 v3.1.5b (3.1.5b)
\pgf@shorten@end@additional=\dimen184
\pgf@shorten@start@additional=\dimen185
)
("D:\MiKTeX 2.9\tex/generic/pgf/basiclayer\pgfcorescopes.code.tex"
File: pgfcorescopes.code.tex 2020/01/08 v3.1.5b (3.1.5b)
\pgfpic=\box49
\pgf@hbox=\box50
\pgf@layerbox@main=\box51
\pgf@picture@serial@count=\count266
)
("D:\MiKTeX 2.9\tex/generic/pgf/basiclayer\pgfcoregraphicstate.code.tex"
File: pgfcoregraphicstate.code.tex 2020/01/08 v3.1.5b (3.1.5b)
\pgflinewidth=\dimen186
)
("D:\MiKTeX 2.9\tex/generic/pgf/basiclayer\pgfcoretransformations.code.tex"
File: pgfcoretransformations.code.tex 2020/01/08 v3.1.5b (3.1.5b)
\pgf@pt@x=\dimen187
\pgf@pt@y=\dimen188
\pgf@pt@temp=\dimen189
)
("D:\MiKTeX 2.9\tex/generic/pgf/basiclayer\pgfcorequick.code.tex"
File: pgfcorequick.code.tex 2020/01/08 v3.1.5b (3.1.5b)
)
("D:\MiKTeX 2.9\tex/generic/pgf/basiclayer\pgfcoreobjects.code.tex"
File: pgfcoreobjects.code.tex 2020/01/08 v3.1.5b (3.1.5b)
)
("D:\MiKTeX 2.9\tex/generic/pgf/basiclayer\pgfcorepathprocessing.code.tex"
File: pgfcorepathprocessing.code.tex 2020/01/08 v3.1.5b (3.1.5b)
)
("D:\MiKTeX 2.9\tex/generic/pgf/basiclayer\pgfcorearrows.code.tex"
File: pgfcorearrows.code.tex 2020/01/08 v3.1.5b (3.1.5b)
\pgfarrowsep=\dimen190
)
("D:\MiKTeX 2.9\tex/generic/pgf/basiclayer\pgfcoreshade.code.tex"
File: pgfcoreshade.code.tex 2020/01/08 v3.1.5b (3.1.5b)
\pgf@max=\dimen191
\pgf@sys@shading@range@num=\count267
\pgf@shadingcount=\count268
)
("D:\MiKTeX 2.9\tex/generic/pgf/basiclayer\pgfcoreimage.code.tex"
File: pgfcoreimage.code.tex 2020/01/08 v3.1.5b (3.1.5b)

("D:\MiKTeX 2.9\tex/generic/pgf/basiclayer\pgfcoreexternal.code.tex"
File: pgfcoreexternal.code.tex 2020/01/08 v3.1.5b (3.1.5b)
\pgfexternal@startupbox=\box52
))
("D:\MiKTeX 2.9\tex/generic/pgf/basiclayer\pgfcorelayers.code.tex"
File: pgfcorelayers.code.tex 2020/01/08 v3.1.5b (3.1.5b)
)
("D:\MiKTeX 2.9\tex/generic/pgf/basiclayer\pgfcoretransparency.code.tex"
File: pgfcoretransparency.code.tex 2020/01/08 v3.1.5b (3.1.5b)
)
("D:\MiKTeX 2.9\tex/generic/pgf/basiclayer\pgfcorepatterns.code.tex"
File: pgfcorepatterns.code.tex 2020/01/08 v3.1.5b (3.1.5b)
)
("D:\MiKTeX 2.9\tex/generic/pgf/basiclayer\pgfcorerdf.code.tex"
File: pgfcorerdf.code.tex 2020/01/08 v3.1.5b (3.1.5b)
)))
("D:\MiKTeX 2.9\tex/generic/pgf/modules\pgfmoduleshapes.code.tex"
File: pgfmoduleshapes.code.tex 2020/01/08 v3.1.5b (3.1.5b)
\pgfnodeparttextbox=\box53
)
("D:\MiKTeX 2.9\tex/generic/pgf/modules\pgfmoduleplot.code.tex"
File: pgfmoduleplot.code.tex 2020/01/08 v3.1.5b (3.1.5b)
)
("D:\MiKTeX 2.9\tex/latex/pgf/compatibility\pgfcomp-version-0-65.sty"
Package: pgfcomp-version-0-65 2020/01/08 v3.1.5b (3.1.5b)
\pgf@nodesepstart=\dimen192
\pgf@nodesepend=\dimen193
)
("D:\MiKTeX 2.9\tex/latex/pgf/compatibility\pgfcomp-version-1-18.sty"
Package: pgfcomp-version-1-18 2020/01/08 v3.1.5b (3.1.5b)
))
("D:\MiKTeX 2.9\tex/latex/pgf/utilities\pgffor.sty"
("D:\MiKTeX 2.9\tex/latex/pgf/utilities\pgfkeys.sty"
("D:\MiKTeX 2.9\tex/generic/pgf/utilities\pgfkeys.code.tex"))
("D:\MiKTeX 2.9\tex/latex/pgf/math\pgfmath.sty"
("D:\MiKTeX 2.9\tex/generic/pgf/math\pgfmath.code.tex"))
("D:\MiKTeX 2.9\tex/generic/pgf/utilities\pgffor.code.tex"
Package: pgffor 2020/01/08 v3.1.5b (3.1.5b)

("D:\MiKTeX 2.9\tex/generic/pgf/math\pgfmath.code.tex")
\pgffor@iter=\dimen194
\pgffor@skip=\dimen195
\pgffor@stack=\toks31
\pgffor@toks=\toks32
))
("D:\MiKTeX 2.9\tex/generic/pgf/frontendlayer/tikz\tikz.code.tex"
Package: tikz 2020/01/08 v3.1.5b (3.1.5b)

("D:\MiKTeX 2.9\tex/generic/pgf/libraries\pgflibraryplothandlers.code.tex"
File: pgflibraryplothandlers.code.tex 2020/01/08 v3.1.5b (3.1.5b)
\pgf@plot@mark@count=\count269
\pgfplotmarksize=\dimen196
)
\tikz@lastx=\dimen197
\tikz@lasty=\dimen198
\tikz@lastxsaved=\dimen199
\tikz@lastysaved=\dimen256
\tikz@lastmovetox=\dimen257
\tikz@lastmovetoy=\dimen258
\tikzleveldistance=\dimen259
\tikzsiblingdistance=\dimen260
\tikz@figbox=\box54
\tikz@figbox@bg=\box55
\tikz@tempbox=\box56
\tikz@tempbox@bg=\box57
\tikztreelevel=\count270
\tikznumberofchildren=\count271
\tikznumberofcurrentchild=\count272
\tikz@fig@count=\count273

("D:\MiKTeX 2.9\tex/generic/pgf/modules\pgfmodulematrix.code.tex"
File: pgfmodulematrix.code.tex 2020/01/08 v3.1.5b (3.1.5b)
\pgfmatrixcurrentrow=\count274
\pgfmatrixcurrentcolumn=\count275
\pgf@matrix@numberofcolumns=\count276
)
\tikz@expandcount=\count277

("D:\MiKTeX 2.9\tex/generic/pgf/frontendlayer/tikz/libraries\tikzlibrarytopaths
.code.tex"
File: tikzlibrarytopaths.code.tex 2020/01/08 v3.1.5b (3.1.5b)
)))
("D:\MiKTeX 2.9\tex/generic/pgf/frontendlayer/tikz/libraries\tikzlibraryarrows.
code.tex"
File: tikzlibraryarrows.code.tex 2020/01/08 v3.1.5b (3.1.5b)
 ("D:\MiKTeX 2.9\tex/generic/pgf/libraries\pgflibraryarrows.code.tex"
File: pgflibraryarrows.code.tex 2020/01/08 v3.1.5b (3.1.5b)
\arrowsize=\dimen261
))
("D:\MiKTeX 2.9\tex/generic/pgf/frontendlayer/tikz/libraries\tikzlibrarycalc.co
de.tex"
File: tikzlibrarycalc.code.tex 2020/01/08 v3.1.5b (3.1.5b)
)
("D:\MiKTeX 2.9\tex/generic/pgf/frontendlayer/tikz/libraries\tikzlibrarydecorat
ions.markings.code.tex"
("D:\MiKTeX 2.9\tex/generic/pgf/frontendlayer/tikz/libraries\tikzlibrarydecorat
ions.code.tex"
("D:\MiKTeX 2.9\tex/generic/pgf/modules\pgfmoduledecorations.code.tex"
\pgfdecoratedcompleteddistance=\dimen262
\pgfdecoratedremainingdistance=\dimen263
\pgfdecoratedinputsegmentcompleteddistance=\dimen264
\pgfdecoratedinputsegmentremainingdistance=\dimen265
\pgf@decorate@distancetomove=\dimen266
\pgf@decorate@repeatstate=\count278
\pgfdecorationsegmentamplitude=\dimen267
\pgfdecorationsegmentlength=\dimen268
)
\tikz@lib@dec@box=\box58
)
("D:\MiKTeX 2.9\tex/generic/pgf/libraries/decorations\pgflibrarydecorations.mar
kings.code.tex"))
("D:\MiKTeX 2.9\tex/generic/pgf/frontendlayer/tikz/libraries\tikzlibrarymath.co
de.tex"
("D:\MiKTeX 2.9\tex/generic/pgf/frontendlayer/tikz/libraries\tikzlibraryfpu.cod
e.tex" ("D:\MiKTeX 2.9\tex/generic/pgf/libraries\pgflibraryfpu.code.tex"))
\tikz@math@for@depth=\count279
\tikz@math@dimen=\dimen269
\tikz@math@toks=\toks33
)
("D:\MiKTeX 2.9\tex/generic/pgf/libraries\pgflibraryarrows.meta.code.tex"
File: pgflibraryarrows.meta.code.tex 2020/01/08 v3.1.5b (3.1.5b)
\pgfarrowinset=\dimen270
\pgfarrowlength=\dimen271
\pgfarrowwidth=\dimen272
\pgfarrowlinewidth=\dimen273
)
("D:\MiKTeX 2.9\tex/latex/graphics\rotating.sty"
Package: rotating 2016/08/11 v2.16d rotated objects in LaTeX

("D:\MiKTeX 2.9\tex/latex/base\ifthen.sty"
Package: ifthen 2014/09/29 v1.1c Standard LaTeX ifthen package (DPC)
)
\c@r@tfl@t=\count280
\rotFPtop=\skip52
\rotFPbot=\skip53
\rot@float@box=\box59
\rot@mess@toks=\toks34
)
("D:\MiKTeX 2.9\tex/latex/overpic\overpic.sty"
Package: overpic 2020/02/22 1.3 picture overlays (RN)

("D:\MiKTeX 2.9\tex/latex/epic\epic.sty"
Enhancements to Picture Environment. Version 1.2 - Released June 1, 1986
\@@multicnt=\count281
\d@lta=\count282
\@delta=\dimen274
\@@delta=\dimen275
\@gridcnt=\count283
\@joinkind=\count284
\@dotgap=\dimen276
\@ddotgap=\dimen277
\@x@diff=\count285
\@y@diff=\count286
\x@diff=\dimen278
\y@diff=\dimen279
\@dotbox=\box60
\num@segments=\count287
\num@segmentsi=\count288
\@datafile=\read3
)
\OVP@box=\box61
) ("D:\MiKTeX 2.9\tex/latex/base\inputenc.sty"
Package: inputenc 2018/08/11 v1.3c Input encoding file
\inpenc@prehook=\toks35
\inpenc@posthook=\toks36

("D:\MiKTeX 2.9\tex/latex/base\cp1250.def"
File: cp1250.def 2018/08/11 v1.3c Input encoding file
))
("D:\MiKTeX 2.9\tex/latex/pgfplots\pgfplots.sty"
("D:\MiKTeX 2.9\tex/generic/pgfplots\pgfplots.revision.tex")
Package: pgfplots 2018/03/28 v1.16 Data Visualization (1.16)

("D:\MiKTeX 2.9\tex/generic/pgfplots\pgfplots.code.tex"
("D:\MiKTeX 2.9\tex/generic/pgfplots\pgfplotscore.code.tex"
\t@pgfplots@toka=\toks37
\t@pgfplots@tokb=\toks38
\t@pgfplots@tokc=\toks39
\pgfplots@tmpa=\dimen280
\c@pgfplots@coordindex=\count289
\c@pgfplots@scanlineindex=\count290

("D:\MiKTeX 2.9\tex/generic/pgfplots/sys\pgfplotssysgeneric.code.tex"))
("D:\MiKTeX 2.9\tex/generic/pgfplots/libs\pgfplotslibrary.code.tex")
("D:\MiKTeX 2.9\tex/generic/pgfplots/oldpgfcompatib\pgfplotsoldpgfsupp_loader.c
ode.tex") ("D:\MiKTeX 2.9\tex/generic/pgfplots/util\pgfplotsutil.code.tex"
("D:\MiKTeX 2.9\tex/generic/pgfplots/liststructure\pgfplotsliststructure.code.t
ex")
("D:\MiKTeX 2.9\tex/generic/pgfplots/liststructure\pgfplotsliststructureext.cod
e.tex")
("D:\MiKTeX 2.9\tex/generic/pgfplots/liststructure\pgfplotsarray.code.tex"
\c@pgfplotsarray@tmp=\count291
)
("D:\MiKTeX 2.9\tex/generic/pgfplots/liststructure\pgfplotsmatrix.code.tex")
("D:\MiKTeX 2.9\tex/generic/pgfplots/numtable\pgfplotstableshared.code.tex"
\c@pgfplotstable@counta=\count292
\t@pgfplotstable@a=\toks40
)
("D:\MiKTeX 2.9\tex/generic/pgfplots/liststructure\pgfplotsdeque.code.tex")
("D:\MiKTeX 2.9\tex/generic/pgfplots/util\pgfplotsbinary.code.tex"
("D:\MiKTeX 2.9\tex/generic/pgfplots/util\pgfplotsbinary.data.code.tex"))
("D:\MiKTeX 2.9\tex/generic/pgfplots/util\pgfplotsutil.verb.code.tex")
("D:\MiKTeX 2.9\tex/generic/pgfplots/libs\pgflibrarypgfplots.surfshading.code.t
ex"
\c@pgfplotslibrarysurf@no=\count293

("D:\MiKTeX 2.9\tex/generic/pgfplots/sys\pgflibrarypgfplots.surfshading.pgfsys-
pdftex.def")))
("D:\MiKTeX 2.9\tex/generic/pgfplots/util\pgfplotscolormap.code.tex"
("D:\MiKTeX 2.9\tex/generic/pgfplots/util\pgfplotscolor.code.tex"))
("D:\MiKTeX 2.9\tex/generic/pgfplots\pgfplotsstackedplots.code.tex")
("D:\MiKTeX 2.9\tex/generic/pgfplots\pgfplotsplothandlers.code.tex"
("D:\MiKTeX 2.9\tex/generic/pgfplots\pgfplotsmeshplothandler.code.tex"
("D:\MiKTeX 2.9\tex/generic/pgfplots\pgfplotsmeshplotimage.code.tex")))
("D:\MiKTeX 2.9\tex/generic/pgfplots\pgfplots.scaling.code.tex")
("D:\MiKTeX 2.9\tex/generic/pgfplots\pgfplotscoordprocessing.code.tex")
("D:\MiKTeX 2.9\tex/generic/pgfplots\pgfplots.errorbars.code.tex")
("D:\MiKTeX 2.9\tex/generic/pgfplots\pgfplots.markers.code.tex")
("D:\MiKTeX 2.9\tex/generic/pgfplots\pgfplotsticks.code.tex")
("D:\MiKTeX 2.9\tex/generic/pgfplots\pgfplots.paths.code.tex")
("D:\MiKTeX 2.9\tex/generic/pgf/frontendlayer/tikz/libraries\tikzlibrarydecorat
ions.pathmorphing.code.tex"
("D:\MiKTeX 2.9\tex/generic/pgf/libraries/decorations\pgflibrarydecorations.pat
hmorphing.code.tex"))
("D:\MiKTeX 2.9\tex/generic/pgf/frontendlayer/tikz/libraries\tikzlibrarydecorat
ions.pathreplacing.code.tex"
("D:\MiKTeX 2.9\tex/generic/pgf/libraries/decorations\pgflibrarydecorations.pat
hreplacing.code.tex"))
\pgfplots@numplots=\count294
\pgfplots@xmin@reg=\dimen281
\pgfplots@xmax@reg=\dimen282
\pgfplots@ymin@reg=\dimen283
\pgfplots@ymax@reg=\dimen284
\pgfplots@zmin@reg=\dimen285
\pgfplots@zmax@reg=\dimen286
)
("D:\MiKTeX 2.9\tex/generic/pgf/frontendlayer/tikz/libraries\tikzlibraryplotmar
ks.code.tex"
File: tikzlibraryplotmarks.code.tex 2020/01/08 v3.1.5b (3.1.5b)

("D:\MiKTeX 2.9\tex/generic/pgf/libraries\pgflibraryplotmarks.code.tex"
File: pgflibraryplotmarks.code.tex 2020/01/08 v3.1.5b (3.1.5b)
)))
("D:\MiKTeX 2.9\tex/generic/pgfplots/libs\tikzlibrarypgfplots.groupplots.code.t
ex"
\pgfplots@group@current@plot=\count295
\pgfplots@group@current@row=\count296
\pgfplots@group@current@column=\count297
) ("D:\MiKTeX 2.9\tex/latex/listings\listings.sty"
\lst@mode=\count298
\lst@gtempboxa=\box62
\lst@token=\toks41
\lst@length=\count299
\lst@currlwidth=\dimen287
\lst@column=\count300
\lst@pos=\count301
\lst@lostspace=\dimen288
\lst@width=\dimen289
\lst@newlines=\count302
\lst@lineno=\count303
\lst@maxwidth=\dimen290

("D:\MiKTeX 2.9\tex/latex/listings\lstmisc.sty"
File: lstmisc.sty 2019/09/10 1.8c (Carsten Heinz)
\c@lstnumber=\count304
\lst@skipnumbers=\count305
\lst@framebox=\box63
)
("D:\MiKTeX 2.9\tex/latex/listings\listings.cfg"
File: listings.cfg 2019/09/10 1.8c listings configuration
))
Package: listings 2019/09/10 1.8c (Carsten Heinz)

("D:\MiKTeX 2.9\tex/latex/matlab-prettifier\matlab-prettifier.sty"
Package: matlab-prettifier 2014/06/19 v0.3 A package for prettyprinting Matlab 
source code

("D:\MiKTeX 2.9\tex/latex/base\textcomp.sty"
Package: textcomp 2020/02/02 v2.0n Standard LaTeX package
)
\netBracketCount@mlpr=\count306
\blkLvl@mlpr=\count307
\blkLvlAtClassdef@mlpr=\count308
\emHeight@mlpr=\skip54
\jayDepth@mlpr=\skip55
\sectionRuleOffset@mlpr=\skip56
\toks@mlpr=\toks42
)
("D:\MiKTeX 2.9\tex/latex/enumitem\enumitem.sty"
Package: enumitem 2019/06/20 v3.9 Customized lists
\labelindent=\skip57
\enit@outerparindent=\dimen291
\enit@toks=\toks43
\enit@inbox=\box64
\enit@count@id=\count309
\enitdp@description=\count310
)
("D:\MiKTeX 2.9\tex/latex/siunitx\siunitx.sty"
("D:\MiKTeX 2.9\tex/latex/l3kernel\expl3.sty"
Package: expl3 2020-02-14 L3 programming layer (loader) 

("D:\MiKTeX 2.9\tex/latex/l3backend\l3backend-pdfmode.def"
File: l3backend-pdfmode.def 2020-02-03 L3 backend support: PDF mode
\l__kernel_color_stack_int=\count311
\l__pdf_internal_box=\box65
))
("D:\MiKTeX 2.9\tex/latex/l3packages/xparse\xparse.sty"
Package: xparse 2020-02-14 L3 Experimental document command parser
\l__xparse_current_arg_int=\count312
\g__xparse_grabber_int=\count313
\l__xparse_m_args_int=\count314
\l__xparse_v_nesting_int=\count315
)
Package: siunitx 2020/02/25 v2.8b A comprehensive (SI) units package

("D:\MiKTeX 2.9\tex/latex/tools\array.sty"
Package: array 2019/08/31 v2.4l Tabular extension package (FMi)
\col@sep=\dimen292
\ar@mcellbox=\box66
\extrarowheight=\dimen293
\NC@list=\toks44
\extratabsurround=\skip58
\backup@length=\skip59
\ar@cellbox=\box67
)
("D:\MiKTeX 2.9\tex/latex/l3packages/l3keys2e\l3keys2e.sty"
Package: l3keys2e 2020-02-14 LaTeX2e option processing using LaTeX3 keys
)
\l__siunitx_tmp_box=\box68
\l__siunitx_tmp_dim=\dimen294
\l__siunitx_tmp_int=\count316
\l__siunitx_number_mantissa_length_int=\count317
\l__siunitx_number_uncert_length_int=\count318
\l__siunitx_round_int=\count319
\l__siunitx_process_decimal_int=\count320
\l__siunitx_process_uncertainty_int=\count321
\l__siunitx_process_fixed_int=\count322
\l__siunitx_process_integer_min_int=\count323
\l__siunitx_process_precision_int=\count324
\l__siunitx_group_min_int=\count325
\l__siunitx_angle_marker_box=\box69
\l__siunitx_angle_unit_box=\box70
\l__siunitx_angle_marker_dim=\dimen295
\l__siunitx_angle_unit_dim=\dimen296
\l__siunitx_unit_int=\count326
\l__siunitx_unit_denominator_int=\count327
\l__siunitx_unit_numerator_int=\count328
\l__siunitx_unit_prefix_int=\count329
\l__siunitx_unit_prefix_base_int=\count330
\l__siunitx_unit_prefix_gram_int=\count331
\l__siunitx_number_product_int=\count332
\c__siunitx_one_fill_skip=\skip60
\l__siunitx_table_unit_align_skip=\skip61
\l__siunitx_table_exponent_dim=\dimen297
\l__siunitx_table_integer_dim=\dimen298
\l__siunitx_table_mantissa_dim=\dimen299
\l__siunitx_table_marker_dim=\dimen300
\l__siunitx_table_result_dim=\dimen301
\l__siunitx_table_uncert_dim=\dimen302
\l__siunitx_table_fill_pre_dim=\dimen303
\l__siunitx_table_fill_post_dim=\dimen304
\l__siunitx_table_fill_mid_dim=\dimen305
\l__siunitx_table_pre_box=\box71
\l__siunitx_table_post_box=\box72
\l__siunitx_table_mantissa_box=\box73
\l__siunitx_table_result_box=\box74
\l__siunitx_table_number_align_skip=\skip62
\l__siunitx_table_text_align_skip=\skip63

("D:\MiKTeX 2.9\tex/latex/translator\translator.sty"
Package: translator 2019-05-31 v1.12a Easy translation of strings in LaTeX
))
("D:\MiKTeX 2.9\tex/latex/tools\verbatim.sty"
Package: verbatim 2019/11/10 v1.5r LaTeX2e package for verbatim enhancements
\every@verbatim=\toks45
\verbatim@line=\toks46
\verbatim@in@stream=\read4
)

LaTeX Warning: Unused global option(s):
    [twosides].

(sprawozdanie.aux)
\openout1 = `sprawozdanie.aux'.

LaTeX Font Info:    Checking defaults for OML/cmm/m/it on input line 86.
LaTeX Font Info:    ... okay on input line 86.
LaTeX Font Info:    Checking defaults for OMS/cmsy/m/n on input line 86.
LaTeX Font Info:    ... okay on input line 86.
LaTeX Font Info:    Checking defaults for OT1/cmr/m/n on input line 86.
LaTeX Font Info:    ... okay on input line 86.
LaTeX Font Info:    Checking defaults for T1/cmr/m/n on input line 86.
LaTeX Font Info:    ... okay on input line 86.
LaTeX Font Info:    Checking defaults for TS1/cmr/m/n on input line 86.
LaTeX Font Info:    ... okay on input line 86.
LaTeX Font Info:    Checking defaults for OMX/cmex/m/n on input line 86.
LaTeX Font Info:    ... okay on input line 86.
LaTeX Font Info:    Checking defaults for U/cmr/m/n on input line 86.
LaTeX Font Info:    ... okay on input line 86.
LaTeX Font Info:    Checking defaults for OT4/cmr/m/n on input line 86.
LaTeX Font Info:    ... okay on input line 86.

*geometry* driver: auto-detecting
*geometry* detected driver: pdftex
*geometry* verbose mode - [ preamble ] result:
* driver: pdftex
* paper: a4paper
* layout: <same size as paper>
* layoutoffset:(h,v)=(0.0pt,0.0pt)
* modes: 
* h-part:(L,W,R)=(71.13188pt, 455.24411pt, 71.13188pt)
* v-part:(T,H,B)=(71.13188pt, 702.78308pt, 71.13188pt)
* \paperwidth=597.50787pt
* \paperheight=845.04684pt
* \textwidth=455.24408pt
* \textheight=702.78307pt
* \oddsidemargin=-1.1381pt
* \evensidemargin=-1.1381pt
* \topmargin=-30.33812pt
* \headheight=13.6pt
* \headsep=15.6pt
* \topskip=11.0pt
* \footskip=27.20001pt
* \marginparwidth=0.0pt
* \marginparsep=0.0pt
* \columnsep=25.6802pt
* \skip\footins=10.0pt plus 4.0pt minus 2.0pt
* \hoffset=0.0pt
* \voffset=0.0pt
* \mag=1000
* \@twocolumnfalse
* \@twosidefalse
* \@mparswitchfalse
* \@reversemarginfalse
* (1in=72.27pt=25.4mm, 1cm=28.453pt)

("D:\MiKTeX 2.9\tex/context/base/mkii\supp-pdf.mkii"
[Loading MPS to PDF converter (version 2006.09.02).]
\scratchcounter=\count333
\scratchdimen=\dimen306
\scratchbox=\box75
\nofMPsegments=\count334
\nofMParguments=\count335
\everyMPshowfont=\toks47
\MPscratchCnt=\count336
\MPscratchDim=\dimen307
\MPnumerator=\count337
\makeMPintoPDFobject=\count338
\everyMPtoPDFconversion=\toks48
) ("D:\MiKTeX 2.9\tex/latex/epstopdf-pkg\epstopdf-base.sty"
Package: epstopdf-base 2020-01-24 v2.11 Base part for package epstopdf
Package epstopdf-base Info: Redefining graphics rule for `.eps' on input line 4
85.
)
ABD: EveryShipout initializing macros

Package pgfplots Warning: running in backwards compatibility mode (unsuitable t
ick labels; missing features). Consider writing \pgfplotsset{compat=1.16} into 
your preamble.
 on input line 86.

\c@lstlisting=\count339
("D:\MiKTeX 2.9\tex/latex/translator\translator-basic-dictionary-English.dict"
Dictionary: translator-basic-dictionary, Language: English 
) ("D:\MiKTeX 2.9\tex/latex/siunitx\siunitx-abbreviations.cfg"
File: siunitx-abbreviations.cfg 2017/11/26 v2.7k siunitx: Abbreviated units
)
("D:\MiKTeX 2.9\tex/latex/siunitx\siunitx-binary.cfg"
File: siunitx-binary.cfg 2017/11/26 v2.7k siunitx: Binary units
)
LaTeX Font Info:    Trying to load font information for OML+plm on input line 8
6.

("D:\MiKTeX 2.9\tex/latex/polski\omlplm.fd"
File: omlplm.fd 2008/02/24 v1.2.1 Font defs for fonts PL (MW)
)
LaTeX Font Info:    Trying to load font information for OMS+plsy on input line 
86.

("D:\MiKTeX 2.9\tex/latex/polski\omsplsy.fd"
File: omsplsy.fd 2008/02/24 v1.2.1 Font defs for fonts PL (MW)
)
LaTeX Font Info:    Trying to load font information for OMX+plex on input line 
86.

("D:\MiKTeX 2.9\tex/latex/polski\omxplex.fd"
File: omxplex.fd 2008/02/24 v1.2.1 Font defs for fonts PL (MW)
)
LaTeX Font Info:    External font `plex10' loaded for size
(Font)              <10.95> on input line 86.
LaTeX Font Info:    External font `plex10' loaded for size
(Font)              <8> on input line 86.
LaTeX Font Info:    External font `plex10' loaded for size
(Font)              <6> on input line 86.
LaTeX Font Info:    Trying to load font information for U+msa on input line 86.


("D:\MiKTeX 2.9\tex/latex/amsfonts\umsa.fd"
File: umsa.fd 2013/01/14 v3.01 AMS symbols A
)
LaTeX Font Info:    Trying to load font information for U+msb on input line 86.


("D:\MiKTeX 2.9\tex/latex/amsfonts\umsb.fd"
File: umsb.fd 2013/01/14 v3.01 AMS symbols B
)
LaTeX Font Info:    Trying to load font information for OT4+cmss on input line 
86.

("D:\MiKTeX 2.9\tex/latex/polski\ot4cmss.fd"
File: ot4cmss.fd 2008/02/24 v1.2.1 Font defs for fonts PL (MW)
)
LaTeX Font Info:    Trying to load font information for OT4+cmtt on input line 
86.

("D:\MiKTeX 2.9\tex/latex/polski\ot4cmtt.fd"
File: ot4cmtt.fd 2008/02/24 v1.2.1 Font defs for fonts PL (MW)
) [1

{C:/Users/Radek/AppData/Local/MiKTeX/2.9/pdftex/config/pdftex.map}] (sprawozdan
ie.toc
LaTeX Font Info:    External font `plex10' loaded for size
(Font)              <10> on input line 1.
LaTeX Font Info:    External font `plex10' loaded for size
(Font)              <7> on input line 1.
LaTeX Font Info:    External font `plex10' loaded for size
(Font)              <5> on input line 1.
)
\tf@toc=\write4
\openout4 = `sprawozdanie.toc'.

 (zad1.tex [1

]
Rozdzia\PlPrIeC {\l } 1.
(rysunki/zad1_punkt_pracy.tex)) (zad2.tex [2

]
Rozdzia\PlPrIeC {\l } 2.
(rysunki/zad2_odp_skokowe.tex) (rysunki/zad2_char_stat.tex)

LaTeX Warning: `!h' float specifier changed to `!ht'.

) (zad3.tex [3

] [4]
Rozdzia\PlPrIeC {\l } 3.
[5

]) (zad4.tex [6]
Rozdzia\PlPrIeC {\l } 4.
(rysunki/zad4_syg_we_pid.tex)

LaTeX Warning: `!h' float specifier changed to `!ht'.

(rysunki/zad4_syg_wy_pid.tex)

LaTeX Warning: `!h' float specifier changed to `!ht'.

(rysunki/zad4_syg_we_dmc.tex)

LaTeX Warning: `!h' float specifier changed to `!ht'.

(rysunki/zad4_syg_wy_dmc.tex)

LaTeX Warning: `!h' float specifier changed to `!ht'.

[7

] [8]) (zad5.tex [9] [10]
Rozdzia\PlPrIeC {\l } 5.
[11

] [12]) (zad6.tex [13]
Rozdzia\PlPrIeC {\l } 6.
<rysunki/zad5_funkcje_przyn_nr_2_mf_gaussmf.pdf, id=64, 359.3425pt x 289.08pt>
File: rysunki/zad5_funkcje_przyn_nr_2_mf_gaussmf.pdf Graphic file (type pdf)
<use rysunki/zad5_funkcje_przyn_nr_2_mf_gaussmf.pdf>
Package pdftex.def Info: rysunki/zad5_funkcje_przyn_nr_2_mf_gaussmf.pdf  used o
n input line 11.
(pdftex.def)             Requested size: 359.34161pt x 289.07928pt.
<rysunki/zad5_syg_we_pid_nr_2_mf_gaussmf.pdf, id=65, 375.4025pt x 286.06876pt>
File: rysunki/zad5_syg_we_pid_nr_2_mf_gaussmf.pdf Graphic file (type pdf)
<use rysunki/zad5_syg_we_pid_nr_2_mf_gaussmf.pdf>
Package pdftex.def Info: rysunki/zad5_syg_we_pid_nr_2_mf_gaussmf.pdf  used on i
nput line 18.
(pdftex.def)             Requested size: 375.40158pt x 286.06805pt.
<rysunki/zad5_syg_wy_pid_nr_2_mf_gaussmf.pdf, id=66, 368.37625pt x 289.08pt>
File: rysunki/zad5_syg_wy_pid_nr_2_mf_gaussmf.pdf Graphic file (type pdf)
<use rysunki/zad5_syg_wy_pid_nr_2_mf_gaussmf.pdf>
Package pdftex.def Info: rysunki/zad5_syg_wy_pid_nr_2_mf_gaussmf.pdf  used on i
nput line 25.
(pdftex.def)             Requested size: 368.37534pt x 289.07928pt.
<rysunki/zad5_funkcje_przyn_nr_3_mf_gaussmf.pdf, id=67, 359.3425pt x 289.08pt>
File: rysunki/zad5_funkcje_przyn_nr_3_mf_gaussmf.pdf Graphic file (type pdf)
<use rysunki/zad5_funkcje_przyn_nr_3_mf_gaussmf.pdf>
Package pdftex.def Info: rysunki/zad5_funkcje_przyn_nr_3_mf_gaussmf.pdf  used o
n input line 35.
(pdftex.def)             Requested size: 359.34161pt x 289.07928pt.
<rysunki/zad5_syg_we_pid_nr_3_mf_gaussmf.pdf, id=68, 375.4025pt x 286.06876pt>
File: rysunki/zad5_syg_we_pid_nr_3_mf_gaussmf.pdf Graphic file (type pdf)
<use rysunki/zad5_syg_we_pid_nr_3_mf_gaussmf.pdf>
Package pdftex.def Info: rysunki/zad5_syg_we_pid_nr_3_mf_gaussmf.pdf  used on i
nput line 42.
(pdftex.def)             Requested size: 375.40158pt x 286.06805pt.
<rysunki/zad5_syg_wy_pid_nr_3_mf_gaussmf.pdf, id=69, 368.37625pt x 289.08pt>
File: rysunki/zad5_syg_wy_pid_nr_3_mf_gaussmf.pdf Graphic file (type pdf)
<use rysunki/zad5_syg_wy_pid_nr_3_mf_gaussmf.pdf>
Package pdftex.def Info: rysunki/zad5_syg_wy_pid_nr_3_mf_gaussmf.pdf  used on i
nput line 49.
(pdftex.def)             Requested size: 368.37534pt x 289.07928pt.
[14

 <./rysunki/zad5_funkcje_przyn_nr_2_mf_gaussmf.pdf>]
<rysunki/zad5_funkcje_przyn_nr_4_mf_gaussmf.pdf, id=134, 359.3425pt x 289.08pt>

File: rysunki/zad5_funkcje_przyn_nr_4_mf_gaussmf.pdf Graphic file (type pdf)
<use rysunki/zad5_funkcje_przyn_nr_4_mf_gaussmf.pdf>
Package pdftex.def Info: rysunki/zad5_funkcje_przyn_nr_4_mf_gaussmf.pdf  used o
n input line 58.
(pdftex.def)             Requested size: 359.34161pt x 289.07928pt.
<rysunki/zad5_syg_we_pid_nr_4_mf_gaussmf.pdf, id=135, 375.4025pt x 286.06876pt>

File: rysunki/zad5_syg_we_pid_nr_4_mf_gaussmf.pdf Graphic file (type pdf)
<use rysunki/zad5_syg_we_pid_nr_4_mf_gaussmf.pdf>
Package pdftex.def Info: rysunki/zad5_syg_we_pid_nr_4_mf_gaussmf.pdf  used on i
nput line 65.
(pdftex.def)             Requested size: 375.40158pt x 286.06805pt.
<rysunki/zad5_syg_wy_pid_nr_4_mf_gaussmf.pdf, id=136, 368.37625pt x 289.08pt>
File: rysunki/zad5_syg_wy_pid_nr_4_mf_gaussmf.pdf Graphic file (type pdf)
<use rysunki/zad5_syg_wy_pid_nr_4_mf_gaussmf.pdf>
Package pdftex.def Info: rysunki/zad5_syg_wy_pid_nr_4_mf_gaussmf.pdf  used on i
nput line 72.
(pdftex.def)             Requested size: 368.37534pt x 289.07928pt.
<rysunki/zad5_funkcje_przyn_nr_2_mf_trimf.pdf, id=137, 359.3425pt x 289.08pt>
File: rysunki/zad5_funkcje_przyn_nr_2_mf_trimf.pdf Graphic file (type pdf)
<use rysunki/zad5_funkcje_przyn_nr_2_mf_trimf.pdf>
Package pdftex.def Info: rysunki/zad5_funkcje_przyn_nr_2_mf_trimf.pdf  used on 
input line 87.
(pdftex.def)             Requested size: 359.34161pt x 289.07928pt.
 [15 <./rysunki/zad5_syg_we_pid_nr_2_mf_gaussmf.pdf> <./rysunki/zad5_syg_wy_pid
_nr_2_mf_gaussmf.pdf>]
Overfull \vbox (17.38235pt too high) has occurred while \output is active []


[16 <./rysunki/zad5_funkcje_przyn_nr_3_mf_gaussmf.pdf> <./rysunki/zad5_syg_we_p
id_nr_3_mf_gaussmf.pdf>]
<rysunki/zad5_syg_we_pid_nr_2_mf_trimf.pdf, id=315, 375.4025pt x 286.06876pt>
File: rysunki/zad5_syg_we_pid_nr_2_mf_trimf.pdf Graphic file (type pdf)
<use rysunki/zad5_syg_we_pid_nr_2_mf_trimf.pdf>
Package pdftex.def Info: rysunki/zad5_syg_we_pid_nr_2_mf_trimf.pdf  used on inp
ut line 94.
(pdftex.def)             Requested size: 375.40158pt x 286.06805pt.
<rysunki/zad5_syg_wy_pid_nr_2_mf_trimf.pdf, id=316, 368.37625pt x 289.08pt>
File: rysunki/zad5_syg_wy_pid_nr_2_mf_trimf.pdf Graphic file (type pdf)
<use rysunki/zad5_syg_wy_pid_nr_2_mf_trimf.pdf>
Package pdftex.def Info: rysunki/zad5_syg_wy_pid_nr_2_mf_trimf.pdf  used on inp
ut line 101.
(pdftex.def)             Requested size: 368.37534pt x 289.07928pt.
<rysunki/zad5_funkcje_przyn_nr_3_mf_trimf.pdf, id=317, 359.3425pt x 289.08pt>
File: rysunki/zad5_funkcje_przyn_nr_3_mf_trimf.pdf Graphic file (type pdf)
<use rysunki/zad5_funkcje_przyn_nr_3_mf_trimf.pdf>
Package pdftex.def Info: rysunki/zad5_funkcje_przyn_nr_3_mf_trimf.pdf  used on 
input line 110.
(pdftex.def)             Requested size: 359.34161pt x 289.07928pt.

Underfull \vbox (badness 10000) has occurred while \output is active []

 [17 <./rysunki/zad5_syg_wy_pid_nr_3_mf_gaussmf.pdf> <./rysunki/zad5_funkcje_pr
zyn_nr_4_mf_gaussmf.pdf>]
<rysunki/zad5_syg_we_pid_nr_3_mf_trimf.pdf, id=416, 375.4025pt x 286.06876pt>
File: rysunki/zad5_syg_we_pid_nr_3_mf_trimf.pdf Graphic file (type pdf)
<use rysunki/zad5_syg_we_pid_nr_3_mf_trimf.pdf>
Package pdftex.def Info: rysunki/zad5_syg_we_pid_nr_3_mf_trimf.pdf  used on inp
ut line 117.
(pdftex.def)             Requested size: 375.40158pt x 286.06805pt.
<rysunki/zad5_syg_wy_pid_nr_3_mf_trimf.pdf, id=417, 368.37625pt x 289.08pt>
File: rysunki/zad5_syg_wy_pid_nr_3_mf_trimf.pdf Graphic file (type pdf)
<use rysunki/zad5_syg_wy_pid_nr_3_mf_trimf.pdf>
Package pdftex.def Info: rysunki/zad5_syg_wy_pid_nr_3_mf_trimf.pdf  used on inp
ut line 124.
(pdftex.def)             Requested size: 368.37534pt x 289.07928pt.
 [18 <./rysunki/zad5_syg_we_pid_nr_4_mf_gaussmf.pdf> <./rysunki/zad5_syg_wy_pid
_nr_4_mf_gaussmf.pdf>] [19 <./rysunki/zad5_funkcje_przyn_nr_2_mf_trimf.pdf> <./
rysunki/zad5_syg_we_pid_nr_2_mf_trimf.pdf>]
<rysunki/zad5_funkcje_przyn_nr_4_mf_trimf.pdf, id=595, 359.3425pt x 289.08pt>
File: rysunki/zad5_funkcje_przyn_nr_4_mf_trimf.pdf Graphic file (type pdf)
<use rysunki/zad5_funkcje_przyn_nr_4_mf_trimf.pdf>
Package pdftex.def Info: rysunki/zad5_funkcje_przyn_nr_4_mf_trimf.pdf  used on 
input line 133.
(pdftex.def)             Requested size: 359.34161pt x 289.07928pt.

Underfull \vbox (badness 10000) has occurred while \output is active []

 [20 <./rysunki/zad5_syg_wy_pid_nr_2_mf_trimf.pdf> <./rysunki/zad5_funkcje_przy
n_nr_3_mf_trimf.pdf>]
<rysunki/zad5_syg_we_pid_nr_4_mf_trimf.pdf, id=693, 375.4025pt x 286.06876pt>
File: rysunki/zad5_syg_we_pid_nr_4_mf_trimf.pdf Graphic file (type pdf)
<use rysunki/zad5_syg_we_pid_nr_4_mf_trimf.pdf>
Package pdftex.def Info: rysunki/zad5_syg_we_pid_nr_4_mf_trimf.pdf  used on inp
ut line 140.
(pdftex.def)             Requested size: 375.40158pt x 286.06805pt.
<rysunki/zad5_syg_wy_pid_nr_4_mf_trimf.pdf, id=694, 368.37625pt x 289.08pt>
File: rysunki/zad5_syg_wy_pid_nr_4_mf_trimf.pdf Graphic file (type pdf)
<use rysunki/zad5_syg_wy_pid_nr_4_mf_trimf.pdf>
Package pdftex.def Info: rysunki/zad5_syg_wy_pid_nr_4_mf_trimf.pdf  used on inp
ut line 147.
(pdftex.def)             Requested size: 368.37534pt x 289.07928pt.
<rysunki/zad5_funkcje_przyn_nr_2_mf_trapmf.pdf, id=695, 359.3425pt x 289.08pt>
File: rysunki/zad5_funkcje_przyn_nr_2_mf_trapmf.pdf Graphic file (type pdf)
<use rysunki/zad5_funkcje_przyn_nr_2_mf_trapmf.pdf>
Package pdftex.def Info: rysunki/zad5_funkcje_przyn_nr_2_mf_trapmf.pdf  used on
 input line 160.
(pdftex.def)             Requested size: 359.34161pt x 289.07928pt.

Underfull \vbox (badness 4108) has occurred while \output is active []

 [21 <./rysunki/zad5_syg_we_pid_nr_3_mf_trimf.pdf> <./rysunki/zad5_syg_wy_pid_n
r_3_mf_trimf.pdf>]
Overfull \vbox (17.38235pt too high) has occurred while \output is active []


[22 <./rysunki/zad5_funkcje_przyn_nr_4_mf_trimf.pdf> <./rysunki/zad5_syg_we_pid
_nr_4_mf_trimf.pdf>]
<rysunki/zad5_syg_we_pid_nr_2_mf_trapmf.pdf, id=873, 375.4025pt x 286.06876pt>
File: rysunki/zad5_syg_we_pid_nr_2_mf_trapmf.pdf Graphic file (type pdf)
<use rysunki/zad5_syg_we_pid_nr_2_mf_trapmf.pdf>
Package pdftex.def Info: rysunki/zad5_syg_we_pid_nr_2_mf_trapmf.pdf  used on in
put line 167.
(pdftex.def)             Requested size: 375.40158pt x 286.06805pt.
<rysunki/zad5_syg_wy_pid_nr_2_mf_trapmf.pdf, id=874, 368.37625pt x 289.08pt>
File: rysunki/zad5_syg_wy_pid_nr_2_mf_trapmf.pdf Graphic file (type pdf)
<use rysunki/zad5_syg_wy_pid_nr_2_mf_trapmf.pdf>
Package pdftex.def Info: rysunki/zad5_syg_wy_pid_nr_2_mf_trapmf.pdf  used on in
put line 174.
(pdftex.def)             Requested size: 368.37534pt x 289.07928pt.
<rysunki/zad5_funkcje_przyn_nr_3_mf_trapmf.pdf, id=875, 359.3425pt x 289.08pt>
File: rysunki/zad5_funkcje_przyn_nr_3_mf_trapmf.pdf Graphic file (type pdf)
<use rysunki/zad5_funkcje_przyn_nr_3_mf_trapmf.pdf>
Package pdftex.def Info: rysunki/zad5_funkcje_przyn_nr_3_mf_trapmf.pdf  used on
 input line 183.
(pdftex.def)             Requested size: 359.34161pt x 289.07928pt.

Underfull \vbox (badness 10000) has occurred while \output is active []

 [23 <./rysunki/zad5_syg_wy_pid_nr_4_mf_trimf.pdf> <./rysunki/zad5_funkcje_przy
n_nr_2_mf_trapmf.pdf>]
<rysunki/zad5_syg_we_pid_nr_3_mf_trapmf.pdf, id=974, 375.4025pt x 286.06876pt>
File: rysunki/zad5_syg_we_pid_nr_3_mf_trapmf.pdf Graphic file (type pdf)
<use rysunki/zad5_syg_we_pid_nr_3_mf_trapmf.pdf>
Package pdftex.def Info: rysunki/zad5_syg_we_pid_nr_3_mf_trapmf.pdf  used on in
put line 190.
(pdftex.def)             Requested size: 375.40158pt x 286.06805pt.
<rysunki/zad5_syg_wy_pid_nr_3_mf_trapmf.pdf, id=975, 368.37625pt x 289.08pt>
File: rysunki/zad5_syg_wy_pid_nr_3_mf_trapmf.pdf Graphic file (type pdf)
<use rysunki/zad5_syg_wy_pid_nr_3_mf_trapmf.pdf>
Package pdftex.def Info: rysunki/zad5_syg_wy_pid_nr_3_mf_trapmf.pdf  used on in
put line 197.
(pdftex.def)             Requested size: 368.37534pt x 289.07928pt.
 [24 <./rysunki/zad5_syg_we_pid_nr_2_mf_trapmf.pdf> <./rysunki/zad5_syg_wy_pid_
nr_2_mf_trapmf.pdf>] [25 <./rysunki/zad5_funkcje_przyn_nr_3_mf_trapmf.pdf> <./r
ysunki/zad5_syg_we_pid_nr_3_mf_trapmf.pdf>]
<rysunki/zad5_funkcje_przyn_nr_4_mf_trapmf.pdf, id=1153, 359.3425pt x 289.08pt>

File: rysunki/zad5_funkcje_przyn_nr_4_mf_trapmf.pdf Graphic file (type pdf)
<use rysunki/zad5_funkcje_przyn_nr_4_mf_trapmf.pdf>
Package pdftex.def Info: rysunki/zad5_funkcje_przyn_nr_4_mf_trapmf.pdf  used on
 input line 206.
(pdftex.def)             Requested size: 359.34161pt x 289.07928pt.
<rysunki/zad5_syg_we_pid_nr_4_mf_trapmf.pdf, id=1154, 375.4025pt x 286.06876pt>

File: rysunki/zad5_syg_we_pid_nr_4_mf_trapmf.pdf Graphic file (type pdf)
<use rysunki/zad5_syg_we_pid_nr_4_mf_trapmf.pdf>
Package pdftex.def Info: rysunki/zad5_syg_we_pid_nr_4_mf_trapmf.pdf  used on in
put line 213.
(pdftex.def)             Requested size: 375.40158pt x 286.06805pt.
<rysunki/zad5_syg_wy_pid_nr_4_mf_trapmf.pdf, id=1155, 368.37625pt x 289.08pt>
File: rysunki/zad5_syg_wy_pid_nr_4_mf_trapmf.pdf Graphic file (type pdf)
<use rysunki/zad5_syg_wy_pid_nr_4_mf_trapmf.pdf>
Package pdftex.def Info: rysunki/zad5_syg_wy_pid_nr_4_mf_trapmf.pdf  used on in
put line 220.
(pdftex.def)             Requested size: 368.37534pt x 289.07928pt.
) (zad7.tex [26 <./rysunki/zad5_syg_wy_pid_nr_3_mf_trapmf.pdf>] [27 <./rysunki/
zad5_funkcje_przyn_nr_4_mf_trapmf.pdf> <./rysunki/zad5_syg_we_pid_nr_4_mf_trapm
f.pdf>] [28 <./rysunki/zad5_syg_wy_pid_nr_4_mf_trapmf.pdf>]
Rozdzia\PlPrIeC {\l } 7.
File: rysunki/zad5_funkcje_przyn_nr_2_mf_gaussmf.pdf Graphic file (type pdf)
<use rysunki/zad5_funkcje_przyn_nr_2_mf_gaussmf.pdf>
Package pdftex.def Info: rysunki/zad5_funkcje_przyn_nr_2_mf_gaussmf.pdf  used o
n input line 11.
(pdftex.def)             Requested size: 359.34161pt x 289.07928pt.
<rysunki/zad5_syg_we_dmc_nr_2_mf_gaussmf.pdf, id=1331, 375.4025pt x 286.06876pt
>
File: rysunki/zad5_syg_we_dmc_nr_2_mf_gaussmf.pdf Graphic file (type pdf)
<use rysunki/zad5_syg_we_dmc_nr_2_mf_gaussmf.pdf>
Package pdftex.def Info: rysunki/zad5_syg_we_dmc_nr_2_mf_gaussmf.pdf  used on i
nput line 18.
(pdftex.def)             Requested size: 375.40158pt x 286.06805pt.
<rysunki/zad5_syg_wy_dmc_nr_2_mf_gaussmf.pdf, id=1332, 368.37625pt x 289.08pt>
File: rysunki/zad5_syg_wy_dmc_nr_2_mf_gaussmf.pdf Graphic file (type pdf)
<use rysunki/zad5_syg_wy_dmc_nr_2_mf_gaussmf.pdf>
Package pdftex.def Info: rysunki/zad5_syg_wy_dmc_nr_2_mf_gaussmf.pdf  used on i
nput line 25.
(pdftex.def)             Requested size: 368.37534pt x 289.07928pt.
[29

]
File: rysunki/zad5_funkcje_przyn_nr_3_mf_gaussmf.pdf Graphic file (type pdf)
<use rysunki/zad5_funkcje_przyn_nr_3_mf_gaussmf.pdf>
Package pdftex.def Info: rysunki/zad5_funkcje_przyn_nr_3_mf_gaussmf.pdf  used o
n input line 34.
(pdftex.def)             Requested size: 359.34161pt x 289.07928pt.

Underfull \vbox (badness 4108) has occurred while \output is active []

 [30 <./rysunki/zad5_syg_we_dmc_nr_2_mf_gaussmf.pdf> <./rysunki/zad5_syg_wy_dmc
_nr_2_mf_gaussmf.pdf>]
<rysunki/zad5_syg_we_dmc_nr_3_mf_gaussmf.pdf, id=1413, 375.4025pt x 286.06876pt
>
File: rysunki/zad5_syg_we_dmc_nr_3_mf_gaussmf.pdf Graphic file (type pdf)
<use rysunki/zad5_syg_we_dmc_nr_3_mf_gaussmf.pdf>
Package pdftex.def Info: rysunki/zad5_syg_we_dmc_nr_3_mf_gaussmf.pdf  used on i
nput line 41.
(pdftex.def)             Requested size: 375.40158pt x 286.06805pt.
<rysunki/zad5_syg_wy_dmc_nr_3_mf_gaussmf.pdf, id=1414, 368.37625pt x 289.08pt>
File: rysunki/zad5_syg_wy_dmc_nr_3_mf_gaussmf.pdf Graphic file (type pdf)
<use rysunki/zad5_syg_wy_dmc_nr_3_mf_gaussmf.pdf>
Package pdftex.def Info: rysunki/zad5_syg_wy_dmc_nr_3_mf_gaussmf.pdf  used on i
nput line 48.
(pdftex.def)             Requested size: 368.37534pt x 289.07928pt.
 [31 <./rysunki/zad5_syg_we_dmc_nr_3_mf_gaussmf.pdf>]
File: rysunki/zad5_funkcje_przyn_nr_4_mf_gaussmf.pdf Graphic file (type pdf)
<use rysunki/zad5_funkcje_przyn_nr_4_mf_gaussmf.pdf>
Package pdftex.def Info: rysunki/zad5_funkcje_przyn_nr_4_mf_gaussmf.pdf  used o
n input line 58.
(pdftex.def)             Requested size: 359.34161pt x 289.07928pt.
<rysunki/zad5_syg_we_dmc_nr_4_mf_gaussmf.pdf, id=1456, 375.4025pt x 286.06876pt
>
File: rysunki/zad5_syg_we_dmc_nr_4_mf_gaussmf.pdf Graphic file (type pdf)
<use rysunki/zad5_syg_we_dmc_nr_4_mf_gaussmf.pdf>
Package pdftex.def Info: rysunki/zad5_syg_we_dmc_nr_4_mf_gaussmf.pdf  used on i
nput line 65.
(pdftex.def)             Requested size: 375.40158pt x 286.06805pt.
<rysunki/zad5_syg_wy_dmc_nr_4_mf_gaussmf.pdf, id=1457, 368.37625pt x 289.08pt>
File: rysunki/zad5_syg_wy_dmc_nr_4_mf_gaussmf.pdf Graphic file (type pdf)
<use rysunki/zad5_syg_wy_dmc_nr_4_mf_gaussmf.pdf>
Package pdftex.def Info: rysunki/zad5_syg_wy_dmc_nr_4_mf_gaussmf.pdf  used on i
nput line 72.
(pdftex.def)             Requested size: 368.37534pt x 289.07928pt.
<rysunki/zad5_funkcje_przyn_nr_5_mf_gaussmf.pdf, id=1458, 359.3425pt x 289.08pt
>
File: rysunki/zad5_funkcje_przyn_nr_5_mf_gaussmf.pdf Graphic file (type pdf)
<use rysunki/zad5_funkcje_przyn_nr_5_mf_gaussmf.pdf>
Package pdftex.def Info: rysunki/zad5_funkcje_przyn_nr_5_mf_gaussmf.pdf  used o
n input line 82.
(pdftex.def)             Requested size: 359.34161pt x 289.07928pt.
<rysunki/zad5_syg_we_dmc_nr_5_mf_gaussmf.pdf, id=1459, 375.4025pt x 286.06876pt
>
File: rysunki/zad5_syg_we_dmc_nr_5_mf_gaussmf.pdf Graphic file (type pdf)
<use rysunki/zad5_syg_we_dmc_nr_5_mf_gaussmf.pdf>
Package pdftex.def Info: rysunki/zad5_syg_we_dmc_nr_5_mf_gaussmf.pdf  used on i
nput line 89.
(pdftex.def)             Requested size: 375.40158pt x 286.06805pt.
<rysunki/zad5_syg_wy_dmc_nr_5_mf_gaussmf.pdf, id=1460, 368.37625pt x 289.08pt>
File: rysunki/zad5_syg_wy_dmc_nr_5_mf_gaussmf.pdf Graphic file (type pdf)
<use rysunki/zad5_syg_wy_dmc_nr_5_mf_gaussmf.pdf>
Package pdftex.def Info: rysunki/zad5_syg_wy_dmc_nr_5_mf_gaussmf.pdf  used on i
nput line 96.
(pdftex.def)             Requested size: 368.37534pt x 289.07928pt.
File: rysunki/zad5_funkcje_przyn_nr_2_mf_trimf.pdf Graphic file (type pdf)
<use rysunki/zad5_funkcje_przyn_nr_2_mf_trimf.pdf>
Package pdftex.def Info: rysunki/zad5_funkcje_przyn_nr_2_mf_trimf.pdf  used on 
input line 110.
(pdftex.def)             Requested size: 359.34161pt x 289.07928pt.
<rysunki/zad5_syg_we_dmc_nr_2_mf_trimf.pdf, id=1461, 375.4025pt x 286.06876pt>
File: rysunki/zad5_syg_we_dmc_nr_2_mf_trimf.pdf Graphic file (type pdf)
<use rysunki/zad5_syg_we_dmc_nr_2_mf_trimf.pdf>
Package pdftex.def Info: rysunki/zad5_syg_we_dmc_nr_2_mf_trimf.pdf  used on inp
ut line 117.
(pdftex.def)             Requested size: 375.40158pt x 286.06805pt.
<rysunki/zad5_syg_wy_dmc_nr_2_mf_trimf.pdf, id=1462, 368.37625pt x 289.08pt>
File: rysunki/zad5_syg_wy_dmc_nr_2_mf_trimf.pdf Graphic file (type pdf)
<use rysunki/zad5_syg_wy_dmc_nr_2_mf_trimf.pdf>
Package pdftex.def Info: rysunki/zad5_syg_wy_dmc_nr_2_mf_trimf.pdf  used on inp
ut line 124.
(pdftex.def)             Requested size: 368.37534pt x 289.07928pt.
File: rysunki/zad5_funkcje_przyn_nr_3_mf_trimf.pdf Graphic file (type pdf)
<use rysunki/zad5_funkcje_przyn_nr_3_mf_trimf.pdf>
Package pdftex.def Info: rysunki/zad5_funkcje_przyn_nr_3_mf_trimf.pdf  used on 
input line 134.
(pdftex.def)             Requested size: 359.34161pt x 289.07928pt.
 [32 <./rysunki/zad5_syg_wy_dmc_nr_3_mf_gaussmf.pdf>]
<rysunki/zad5_syg_we_dmc_nr_3_mf_trimf.pdf, id=1501, 375.4025pt x 286.06876pt>
File: rysunki/zad5_syg_we_dmc_nr_3_mf_trimf.pdf Graphic file (type pdf)
<use rysunki/zad5_syg_we_dmc_nr_3_mf_trimf.pdf>
Package pdftex.def Info: rysunki/zad5_syg_we_dmc_nr_3_mf_trimf.pdf  used on inp
ut line 141.
(pdftex.def)             Requested size: 375.40158pt x 286.06805pt.
<rysunki/zad5_syg_wy_dmc_nr_3_mf_trimf.pdf, id=1502, 368.37625pt x 289.08pt>
File: rysunki/zad5_syg_wy_dmc_nr_3_mf_trimf.pdf Graphic file (type pdf)
<use rysunki/zad5_syg_wy_dmc_nr_3_mf_trimf.pdf>
Package pdftex.def Info: rysunki/zad5_syg_wy_dmc_nr_3_mf_trimf.pdf  used on inp
ut line 148.
(pdftex.def)             Requested size: 368.37534pt x 289.07928pt.
 [33 <./rysunki/zad5_syg_we_dmc_nr_4_mf_gaussmf.pdf>]
File: rysunki/zad5_funkcje_przyn_nr_4_mf_trimf.pdf Graphic file (type pdf)
<use rysunki/zad5_funkcje_przyn_nr_4_mf_trimf.pdf>
Package pdftex.def Info: rysunki/zad5_funkcje_przyn_nr_4_mf_trimf.pdf  used on 
input line 158.
(pdftex.def)             Requested size: 359.34161pt x 289.07928pt.

Underfull \vbox (badness 1968) has occurred while \output is active []

 [34 <./rysunki/zad5_syg_wy_dmc_nr_4_mf_gaussmf.pdf> <./rysunki/zad5_funkcje_pr
zyn_nr_5_mf_gaussmf.pdf>]
<rysunki/zad5_syg_we_dmc_nr_4_mf_trimf.pdf, id=1642, 375.4025pt x 286.06876pt>
File: rysunki/zad5_syg_we_dmc_nr_4_mf_trimf.pdf Graphic file (type pdf)
<use rysunki/zad5_syg_we_dmc_nr_4_mf_trimf.pdf>
Package pdftex.def Info: rysunki/zad5_syg_we_dmc_nr_4_mf_trimf.pdf  used on inp
ut line 165.
(pdftex.def)             Requested size: 375.40158pt x 286.06805pt.
<rysunki/zad5_syg_wy_dmc_nr_4_mf_trimf.pdf, id=1643, 368.37625pt x 289.08pt>
File: rysunki/zad5_syg_wy_dmc_nr_4_mf_trimf.pdf Graphic file (type pdf)
<use rysunki/zad5_syg_wy_dmc_nr_4_mf_trimf.pdf>
Package pdftex.def Info: rysunki/zad5_syg_wy_dmc_nr_4_mf_trimf.pdf  used on inp
ut line 172.
(pdftex.def)             Requested size: 368.37534pt x 289.07928pt.

Underfull \vbox (badness 4108) has occurred while \output is active []

 [35 <./rysunki/zad5_syg_we_dmc_nr_5_mf_gaussmf.pdf> <./rysunki/zad5_syg_wy_dmc
_nr_5_mf_gaussmf.pdf>]
Overfull \vbox (3.78235pt too high) has occurred while \output is active []


[36 <./rysunki/zad5_syg_we_dmc_nr_2_mf_trimf.pdf>]
Underfull \vbox (badness 1968) has occurred while \output is active []

 [37 <./rysunki/zad5_syg_wy_dmc_nr_2_mf_trimf.pdf>]
File: rysunki/zad5_funkcje_przyn_nr_2_mf_trapmf.pdf Graphic file (type pdf)
<use rysunki/zad5_funkcje_przyn_nr_2_mf_trapmf.pdf>
Package pdftex.def Info: rysunki/zad5_funkcje_przyn_nr_2_mf_trapmf.pdf  used on
 input line 187.
(pdftex.def)             Requested size: 359.34161pt x 289.07928pt.

Underfull \vbox (badness 4108) has occurred while \output is active []

 [38 <./rysunki/zad5_syg_we_dmc_nr_3_mf_trimf.pdf> <./rysunki/zad5_syg_wy_dmc_n
r_3_mf_trimf.pdf>]
<rysunki/zad5_syg_we_dmc_nr_2_mf_trapmf.pdf, id=1876, 375.4025pt x 286.06876pt>

File: rysunki/zad5_syg_we_dmc_nr_2_mf_trapmf.pdf Graphic file (type pdf)
<use rysunki/zad5_syg_we_dmc_nr_2_mf_trapmf.pdf>
Package pdftex.def Info: rysunki/zad5_syg_we_dmc_nr_2_mf_trapmf.pdf  used on in
put line 194.
(pdftex.def)             Requested size: 375.40158pt x 286.06805pt.
<rysunki/zad5_syg_wy_dmc_nr_2_mf_trapmf.pdf, id=1877, 368.37625pt x 289.08pt>
File: rysunki/zad5_syg_wy_dmc_nr_2_mf_trapmf.pdf Graphic file (type pdf)
<use rysunki/zad5_syg_wy_dmc_nr_2_mf_trapmf.pdf>
Package pdftex.def Info: rysunki/zad5_syg_wy_dmc_nr_2_mf_trapmf.pdf  used on in
put line 201.
(pdftex.def)             Requested size: 368.37534pt x 289.07928pt.
 [39 <./rysunki/zad5_syg_we_dmc_nr_4_mf_trimf.pdf>]
File: rysunki/zad5_funkcje_przyn_nr_3_mf_trapmf.pdf Graphic file (type pdf)
<use rysunki/zad5_funkcje_przyn_nr_3_mf_trapmf.pdf>
Package pdftex.def Info: rysunki/zad5_funkcje_przyn_nr_3_mf_trapmf.pdf  used on
 input line 210.
(pdftex.def)             Requested size: 359.34161pt x 289.07928pt.

Underfull \vbox (badness 1968) has occurred while \output is active []

 [40 <./rysunki/zad5_syg_wy_dmc_nr_4_mf_trimf.pdf>]
<rysunki/zad5_syg_we_dmc_nr_3_mf_trapmf.pdf, id=1957, 375.4025pt x 286.06876pt>

File: rysunki/zad5_syg_we_dmc_nr_3_mf_trapmf.pdf Graphic file (type pdf)
<use rysunki/zad5_syg_we_dmc_nr_3_mf_trapmf.pdf>
Package pdftex.def Info: rysunki/zad5_syg_we_dmc_nr_3_mf_trapmf.pdf  used on in
put line 217.
(pdftex.def)             Requested size: 375.40158pt x 286.06805pt.
<rysunki/zad5_syg_wy_dmc_nr_3_mf_trapmf.pdf, id=1958, 368.37625pt x 289.08pt>
File: rysunki/zad5_syg_wy_dmc_nr_3_mf_trapmf.pdf Graphic file (type pdf)
<use rysunki/zad5_syg_wy_dmc_nr_3_mf_trapmf.pdf>
Package pdftex.def Info: rysunki/zad5_syg_wy_dmc_nr_3_mf_trapmf.pdf  used on in
put line 224.
(pdftex.def)             Requested size: 368.37534pt x 289.07928pt.
 [41 <./rysunki/zad5_syg_we_dmc_nr_2_mf_trapmf.pdf> <./rysunki/zad5_syg_wy_dmc_
nr_2_mf_trapmf.pdf>]
File: rysunki/zad5_funkcje_przyn_nr_4_mf_trapmf.pdf Graphic file (type pdf)
<use rysunki/zad5_funkcje_przyn_nr_4_mf_trapmf.pdf>
Package pdftex.def Info: rysunki/zad5_funkcje_przyn_nr_4_mf_trapmf.pdf  used on
 input line 233.
(pdftex.def)             Requested size: 359.34161pt x 289.07928pt.

Underfull \vbox (badness 4108) has occurred while \output is active []

 [42 <./rysunki/zad5_syg_we_dmc_nr_3_mf_trapmf.pdf>]
<rysunki/zad5_syg_we_dmc_nr_4_mf_trapmf.pdf, id=2077, 375.4025pt x 286.06876pt>

File: rysunki/zad5_syg_we_dmc_nr_4_mf_trapmf.pdf Graphic file (type pdf)
<use rysunki/zad5_syg_we_dmc_nr_4_mf_trapmf.pdf>
Package pdftex.def Info: rysunki/zad5_syg_we_dmc_nr_4_mf_trapmf.pdf  used on in
put line 240.
(pdftex.def)             Requested size: 375.40158pt x 286.06805pt.
<rysunki/zad5_syg_wy_dmc_nr_4_mf_trapmf.pdf, id=2078, 368.37625pt x 289.08pt>
File: rysunki/zad5_syg_wy_dmc_nr_4_mf_trapmf.pdf Graphic file (type pdf)
<use rysunki/zad5_syg_wy_dmc_nr_4_mf_trapmf.pdf>
Package pdftex.def Info: rysunki/zad5_syg_wy_dmc_nr_4_mf_trapmf.pdf  used on in
put line 247.
(pdftex.def)             Requested size: 368.37534pt x 289.07928pt.

Underfull \vbox (badness 1968) has occurred while \output is active []

 [43 <./rysunki/zad5_syg_wy_dmc_nr_3_mf_trapmf.pdf>]
Overfull \vbox (3.78235pt too high) has occurred while \output is active []


[44 <./rysunki/zad5_syg_we_dmc_nr_4_mf_trapmf.pdf> <./rysunki/zad5_syg_wy_dmc_n
r_4_mf_trapmf.pdf>]) [45] (sprawozdanie.aux) ) 
Here is how much of TeX's memory you used:
 31025 strings out of 481556
 774245 string characters out of 2930144
 1791688 words of memory out of 3000000
 45669 multiletter control sequences out of 15000+200000
 554474 words of font info for 87 fonts, out of 3000000 for 9000
 1141 hyphenation exceptions out of 8191
 63i,19n,98p,939b,2200s stack positions out of 5000i,500n,10000p,200000b,50000s
{D:/MiKTeX 2.9/fonts/enc/dvips/pl
/plrm.enc}{D:/MiKTeX 2.9/fonts/enc/dvips/pl/plmi.enc}{D:/MiKTeX 2.9/fonts/enc/d
vips/pl/plme.enc}{D:/MiKTeX 2.9/fonts/enc/dvips/pl/plms.enc}{D:/MiKTeX 2.9/font
s/enc/dvips/pl/plit.enc}{D:/MiKTeX 2.9/fonts/enc/dvips/pl/pltt.enc}<D:/MiKTeX 2
.9/fonts/type1/public/pl/plbx10.pfb><D:/MiKTeX 2.9/fonts/type1/public/pl/plbx12
.pfb><D:/MiKTeX 2.9/fonts/type1/public/pl/plex10.pfb><D:/MiKTeX 2.9/fonts/type1
/public/pl/plmi10.pfb><D:/MiKTeX 2.9/fonts/type1/public/pl/plmi6.pfb><D:/MiKTeX
 2.9/fonts/type1/public/pl/plmi7.pfb><D:/MiKTeX 2.9/fonts/type1/public/pl/plmi8
.pfb><D:/MiKTeX 2.9/fonts/type1/public/pl/plmib10.pfb><D:/MiKTeX 2.9/fonts/type
1/public/pl/plr10.pfb><D:/MiKTeX 2.9/fonts/type1/public/pl/plr6.pfb><D:/MiKTeX 
2.9/fonts/type1/public/pl/plr7.pfb><D:/MiKTeX 2.9/fonts/type1/public/pl/plr8.pf
b><D:/MiKTeX 2.9/fonts/type1/public/pl/plsy10.pfb><D:/MiKTeX 2.9/fonts/type1/pu
blic/pl/plsy8.pfb><D:/MiKTeX 2.9/fonts/type1/public/pl/plti10.pfb><D:/MiKTeX 2.
9/fonts/type1/public/pl/pltt10.pfb>
Output written on sprawozdanie.pdf (46 pages, 1409253 bytes).
PDF statistics:
 2254 PDF objects out of 2487 (max. 8388607)
 0 named destinations out of 1000 (max. 500000)
 253 words of extra memory for PDF output out of 10000 (max. 10000000)

