This is pdfTeX, Version 3.14159265-2.6-1.40.21 (MiKTeX 2.9.7300 64-bit) (preloaded format=pdflatex 2020.3.23)  24 MAR 2020 00:30
entering extended mode
**\def\tikzexternalrealjob{zapisz_pdf_symulacje_pion}\input{zapisz_pdf_symulacj
e_pion}
(zapisz_pdf_symulacje_pion.tex ("D:\MiKTeX 2.9\tex/latex/base\article.cls"
Document Class: article 2019/12/20 v1.4l Standard LaTeX document class
("D:\MiKTeX 2.9\tex/latex/base\size11.clo"
File: size11.clo 2019/12/20 v1.4l Standard LaTeX file (size option)
)
\c@part=\count167
\c@section=\count168
\c@subsection=\count169
\c@subsubsection=\count170
\c@paragraph=\count171
\c@subparagraph=\count172
\c@figure=\count173
\c@table=\count174
\abovecaptionskip=\skip47
\belowcaptionskip=\skip48
\bibindent=\dimen134
) ("D:\MiKTeX 2.9\tex/latex/pgfplots\pgfplots.sty" ("D:\MiKTeX 2.9\tex/generic/
pgfplots\pgfplots.revision.tex")
Package: pgfplots 2018/03/28 v1.16 Data Visualization (1.16)
("D:\MiKTeX 2.9\tex/latex/graphics\graphicx.sty"
Package: graphicx 2019/11/30 v1.2a Enhanced LaTeX Graphics (DPC,SPQR)
("D:\MiKTeX 2.9\tex/latex/graphics\keyval.sty"
Package: keyval 2014/10/28 v1.15 key=value parser (DPC)
\KV@toks@=\toks14
) ("D:\MiKTeX 2.9\tex/latex/graphics\graphics.sty"
Package: graphics 2019/11/30 v1.4a Standard LaTeX Graphics (DPC,SPQR)
("D:\MiKTeX 2.9\tex/latex/graphics\trig.sty"
Package: trig 2016/01/03 v1.10 sin cos tan (DPC)
) ("D:\MiKTeX 2.9\tex/latex/graphics-cfg\graphics.cfg"
File: graphics.cfg 2016/06/04 v1.11 sample graphics configuration
)
Package graphics Info: Driver file: pdftex.def on input line 105.
("D:\MiKTeX 2.9\tex/latex/graphics-def\pdftex.def"
File: pdftex.def 2018/01/08 v1.0l Graphics/color driver for pdftex
))
\Gin@req@height=\dimen135
\Gin@req@width=\dimen136
) ("D:\MiKTeX 2.9\tex/latex/pgf/frontendlayer\tikz.sty" ("D:\MiKTeX 2.9\tex/lat
ex/pgf/basiclayer\pgf.sty" ("D:\MiKTeX 2.9\tex/latex/pgf/utilities\pgfrcs.sty" 
("D:\MiKTeX 2.9\tex/generic/pgf/utilities\pgfutil-common.tex"
\pgfutil@everybye=\toks15
\pgfutil@tempdima=\dimen137
\pgfutil@tempdimb=\dimen138
("D:\MiKTeX 2.9\tex/generic/pgf/utilities\pgfutil-common-lists.tex")) ("D:\MiKT
eX 2.9\tex/generic/pgf/utilities\pgfutil-latex.def"
\pgfutil@abb=\box45
("D:\MiKTeX 2.9\tex/latex/ms\everyshi.sty"
Package: everyshi 2001/05/15 v3.00 EveryShipout Package (MS)
)) ("D:\MiKTeX 2.9\tex/generic/pgf/utilities\pgfrcs.code.tex" ("D:\MiKTeX 2.9\t
ex/generic/pgf\pgf.revision.tex")
Package: pgfrcs 2020/01/08 v3.1.5b (3.1.5b)
))
Package: pgf 2020/01/08 v3.1.5b (3.1.5b)
("D:\MiKTeX 2.9\tex/latex/pgf/basiclayer\pgfcore.sty" ("D:\MiKTeX 2.9\tex/latex
/pgf/systemlayer\pgfsys.sty" ("D:\MiKTeX 2.9\tex/generic/pgf/systemlayer\pgfsys
.code.tex"
Package: pgfsys 2020/01/08 v3.1.5b (3.1.5b)
("D:\MiKTeX 2.9\tex/generic/pgf/utilities\pgfkeys.code.tex"
\pgfkeys@pathtoks=\toks16
\pgfkeys@temptoks=\toks17
("D:\MiKTeX 2.9\tex/generic/pgf/utilities\pgfkeysfiltered.code.tex"
\pgfkeys@tmptoks=\toks18
))
\pgf@x=\dimen139
\pgf@y=\dimen140
\pgf@xa=\dimen141
\pgf@ya=\dimen142
\pgf@xb=\dimen143
\pgf@yb=\dimen144
\pgf@xc=\dimen145
\pgf@yc=\dimen146
\pgf@xd=\dimen147
\pgf@yd=\dimen148
\w@pgf@writea=\write3
\r@pgf@reada=\read2
\c@pgf@counta=\count175
\c@pgf@countb=\count176
\c@pgf@countc=\count177
\c@pgf@countd=\count178
\t@pgf@toka=\toks19
\t@pgf@tokb=\toks20
\t@pgf@tokc=\toks21
\pgf@sys@id@count=\count179
("D:\MiKTeX 2.9\tex/generic/pgf/systemlayer\pgf.cfg"
File: pgf.cfg 2020/01/08 v3.1.5b (3.1.5b)
)
Driver file for pgf: pgfsys-pdftex.def
("D:\MiKTeX 2.9\tex/generic/pgf/systemlayer\pgfsys-pdftex.def"
File: pgfsys-pdftex.def 2020/01/08 v3.1.5b (3.1.5b)
("D:\MiKTeX 2.9\tex/generic/pgf/systemlayer\pgfsys-common-pdf.def"
File: pgfsys-common-pdf.def 2020/01/08 v3.1.5b (3.1.5b)
))) ("D:\MiKTeX 2.9\tex/generic/pgf/systemlayer\pgfsyssoftpath.code.tex"
File: pgfsyssoftpath.code.tex 2020/01/08 v3.1.5b (3.1.5b)
\pgfsyssoftpath@smallbuffer@items=\count180
\pgfsyssoftpath@bigbuffer@items=\count181
) ("D:\MiKTeX 2.9\tex/generic/pgf/systemlayer\pgfsysprotocol.code.tex"
File: pgfsysprotocol.code.tex 2020/01/08 v3.1.5b (3.1.5b)
)) ("D:\MiKTeX 2.9\tex/latex/xcolor\xcolor.sty"
Package: xcolor 2016/05/11 v2.12 LaTeX color extensions (UK)
("D:\MiKTeX 2.9\tex/latex/graphics-cfg\color.cfg"
File: color.cfg 2016/01/02 v1.6 sample color configuration
)
Package xcolor Info: Driver file: pdftex.def on input line 225.
Package xcolor Info: Model `cmy' substituted by `cmy0' on input line 1348.
Package xcolor Info: Model `hsb' substituted by `rgb' on input line 1352.
Package xcolor Info: Model `RGB' extended on input line 1364.
Package xcolor Info: Model `HTML' substituted by `rgb' on input line 1366.
Package xcolor Info: Model `Hsb' substituted by `hsb' on input line 1367.
Package xcolor Info: Model `tHsb' substituted by `hsb' on input line 1368.
Package xcolor Info: Model `HSB' substituted by `hsb' on input line 1369.
Package xcolor Info: Model `Gray' substituted by `gray' on input line 1370.
Package xcolor Info: Model `wave' substituted by `hsb' on input line 1371.
) ("D:\MiKTeX 2.9\tex/generic/pgf/basiclayer\pgfcore.code.tex"
Package: pgfcore 2020/01/08 v3.1.5b (3.1.5b)
("D:\MiKTeX 2.9\tex/generic/pgf/math\pgfmath.code.tex" ("D:\MiKTeX 2.9\tex/gene
ric/pgf/math\pgfmathcalc.code.tex" ("D:\MiKTeX 2.9\tex/generic/pgf/math\pgfmath
util.code.tex") ("D:\MiKTeX 2.9\tex/generic/pgf/math\pgfmathparser.code.tex"
\pgfmath@dimen=\dimen149
\pgfmath@count=\count182
\pgfmath@box=\box46
\pgfmath@toks=\toks22
\pgfmath@stack@operand=\toks23
\pgfmath@stack@operation=\toks24
) ("D:\MiKTeX 2.9\tex/generic/pgf/math\pgfmathfunctions.code.tex" ("D:\MiKTeX 2
.9\tex/generic/pgf/math\pgfmathfunctions.basic.code.tex") ("D:\MiKTeX 2.9\tex/g
eneric/pgf/math\pgfmathfunctions.trigonometric.code.tex") ("D:\MiKTeX 2.9\tex/g
eneric/pgf/math\pgfmathfunctions.random.code.tex") ("D:\MiKTeX 2.9\tex/generic/
pgf/math\pgfmathfunctions.comparison.code.tex") ("D:\MiKTeX 2.9\tex/generic/pgf
/math\pgfmathfunctions.base.code.tex") ("D:\MiKTeX 2.9\tex/generic/pgf/math\pgf
mathfunctions.round.code.tex") ("D:\MiKTeX 2.9\tex/generic/pgf/math\pgfmathfunc
tions.misc.code.tex")
("D:\MiKTeX 2.9\tex/generic/pgf/math\pgfmathfunctions.integerarithmetics.code.t
ex"))) ("D:\MiKTeX 2.9\tex/generic/pgf/math\pgfmathfloat.code.tex"
\c@pgfmathroundto@lastzeros=\count183
)) ("D:\MiKTeX 2.9\tex/generic/pgf/math\pgfint.code.tex") ("D:\MiKTeX 2.9\tex/g
eneric/pgf/basiclayer\pgfcorepoints.code.tex"
File: pgfcorepoints.code.tex 2020/01/08 v3.1.5b (3.1.5b)
\pgf@picminx=\dimen150
\pgf@picmaxx=\dimen151
\pgf@picminy=\dimen152
\pgf@picmaxy=\dimen153
\pgf@pathminx=\dimen154
\pgf@pathmaxx=\dimen155
\pgf@pathminy=\dimen156
\pgf@pathmaxy=\dimen157
\pgf@xx=\dimen158
\pgf@xy=\dimen159
\pgf@yx=\dimen160
\pgf@yy=\dimen161
\pgf@zx=\dimen162
\pgf@zy=\dimen163
) ("D:\MiKTeX 2.9\tex/generic/pgf/basiclayer\pgfcorepathconstruct.code.tex"
File: pgfcorepathconstruct.code.tex 2020/01/08 v3.1.5b (3.1.5b)
\pgf@path@lastx=\dimen164
\pgf@path@lasty=\dimen165
) ("D:\MiKTeX 2.9\tex/generic/pgf/basiclayer\pgfcorepathusage.code.tex"
File: pgfcorepathusage.code.tex 2020/01/08 v3.1.5b (3.1.5b)
\pgf@shorten@end@additional=\dimen166
\pgf@shorten@start@additional=\dimen167
) ("D:\MiKTeX 2.9\tex/generic/pgf/basiclayer\pgfcorescopes.code.tex"
File: pgfcorescopes.code.tex 2020/01/08 v3.1.5b (3.1.5b)
\pgfpic=\box47
\pgf@hbox=\box48
\pgf@layerbox@main=\box49
\pgf@picture@serial@count=\count184
) ("D:\MiKTeX 2.9\tex/generic/pgf/basiclayer\pgfcoregraphicstate.code.tex"
File: pgfcoregraphicstate.code.tex 2020/01/08 v3.1.5b (3.1.5b)
\pgflinewidth=\dimen168
) ("D:\MiKTeX 2.9\tex/generic/pgf/basiclayer\pgfcoretransformations.code.tex"
File: pgfcoretransformations.code.tex 2020/01/08 v3.1.5b (3.1.5b)
\pgf@pt@x=\dimen169
\pgf@pt@y=\dimen170
\pgf@pt@temp=\dimen171
) ("D:\MiKTeX 2.9\tex/generic/pgf/basiclayer\pgfcorequick.code.tex"
File: pgfcorequick.code.tex 2020/01/08 v3.1.5b (3.1.5b)
) ("D:\MiKTeX 2.9\tex/generic/pgf/basiclayer\pgfcoreobjects.code.tex"
File: pgfcoreobjects.code.tex 2020/01/08 v3.1.5b (3.1.5b)
) ("D:\MiKTeX 2.9\tex/generic/pgf/basiclayer\pgfcorepathprocessing.code.tex"
File: pgfcorepathprocessing.code.tex 2020/01/08 v3.1.5b (3.1.5b)
) ("D:\MiKTeX 2.9\tex/generic/pgf/basiclayer\pgfcorearrows.code.tex"
File: pgfcorearrows.code.tex 2020/01/08 v3.1.5b (3.1.5b)
\pgfarrowsep=\dimen172
) ("D:\MiKTeX 2.9\tex/generic/pgf/basiclayer\pgfcoreshade.code.tex"
File: pgfcoreshade.code.tex 2020/01/08 v3.1.5b (3.1.5b)
\pgf@max=\dimen173
\pgf@sys@shading@range@num=\count185
\pgf@shadingcount=\count186
) ("D:\MiKTeX 2.9\tex/generic/pgf/basiclayer\pgfcoreimage.code.tex"
File: pgfcoreimage.code.tex 2020/01/08 v3.1.5b (3.1.5b)
("D:\MiKTeX 2.9\tex/generic/pgf/basiclayer\pgfcoreexternal.code.tex"
File: pgfcoreexternal.code.tex 2020/01/08 v3.1.5b (3.1.5b)
\pgfexternal@startupbox=\box50
)) ("D:\MiKTeX 2.9\tex/generic/pgf/basiclayer\pgfcorelayers.code.tex"
File: pgfcorelayers.code.tex 2020/01/08 v3.1.5b (3.1.5b)
) ("D:\MiKTeX 2.9\tex/generic/pgf/basiclayer\pgfcoretransparency.code.tex"
File: pgfcoretransparency.code.tex 2020/01/08 v3.1.5b (3.1.5b)
) ("D:\MiKTeX 2.9\tex/generic/pgf/basiclayer\pgfcorepatterns.code.tex"
File: pgfcorepatterns.code.tex 2020/01/08 v3.1.5b (3.1.5b)
) ("D:\MiKTeX 2.9\tex/generic/pgf/basiclayer\pgfcorerdf.code.tex"
File: pgfcorerdf.code.tex 2020/01/08 v3.1.5b (3.1.5b)
))) ("D:\MiKTeX 2.9\tex/generic/pgf/modules\pgfmoduleshapes.code.tex"
File: pgfmoduleshapes.code.tex 2020/01/08 v3.1.5b (3.1.5b)
\pgfnodeparttextbox=\box51
) ("D:\MiKTeX 2.9\tex/generic/pgf/modules\pgfmoduleplot.code.tex"
File: pgfmoduleplot.code.tex 2020/01/08 v3.1.5b (3.1.5b)
) ("D:\MiKTeX 2.9\tex/latex/pgf/compatibility\pgfcomp-version-0-65.sty"
Package: pgfcomp-version-0-65 2020/01/08 v3.1.5b (3.1.5b)
\pgf@nodesepstart=\dimen174
\pgf@nodesepend=\dimen175
) ("D:\MiKTeX 2.9\tex/latex/pgf/compatibility\pgfcomp-version-1-18.sty"
Package: pgfcomp-version-1-18 2020/01/08 v3.1.5b (3.1.5b)
)) ("D:\MiKTeX 2.9\tex/latex/pgf/utilities\pgffor.sty" ("D:\MiKTeX 2.9\tex/late
x/pgf/utilities\pgfkeys.sty" ("D:\MiKTeX 2.9\tex/generic/pgf/utilities\pgfkeys.
code.tex")) ("D:\MiKTeX 2.9\tex/latex/pgf/math\pgfmath.sty" ("D:\MiKTeX 2.9\tex
/generic/pgf/math\pgfmath.code.tex")) ("D:\MiKTeX 2.9\tex/generic/pgf/utilities
\pgffor.code.tex"
Package: pgffor 2020/01/08 v3.1.5b (3.1.5b)
("D:\MiKTeX 2.9\tex/generic/pgf/math\pgfmath.code.tex")
\pgffor@iter=\dimen176
\pgffor@skip=\dimen177
\pgffor@stack=\toks25
\pgffor@toks=\toks26
)) ("D:\MiKTeX 2.9\tex/generic/pgf/frontendlayer/tikz\tikz.code.tex"
Package: tikz 2020/01/08 v3.1.5b (3.1.5b)
("D:\MiKTeX 2.9\tex/generic/pgf/libraries\pgflibraryplothandlers.code.tex"
File: pgflibraryplothandlers.code.tex 2020/01/08 v3.1.5b (3.1.5b)
\pgf@plot@mark@count=\count187
\pgfplotmarksize=\dimen178
)
\tikz@lastx=\dimen179
\tikz@lasty=\dimen180
\tikz@lastxsaved=\dimen181
\tikz@lastysaved=\dimen182
\tikz@lastmovetox=\dimen183
\tikz@lastmovetoy=\dimen184
\tikzleveldistance=\dimen185
\tikzsiblingdistance=\dimen186
\tikz@figbox=\box52
\tikz@figbox@bg=\box53
\tikz@tempbox=\box54
\tikz@tempbox@bg=\box55
\tikztreelevel=\count188
\tikznumberofchildren=\count189
\tikznumberofcurrentchild=\count190
\tikz@fig@count=\count191
("D:\MiKTeX 2.9\tex/generic/pgf/modules\pgfmodulematrix.code.tex"
File: pgfmodulematrix.code.tex 2020/01/08 v3.1.5b (3.1.5b)
\pgfmatrixcurrentrow=\count192
\pgfmatrixcurrentcolumn=\count193
\pgf@matrix@numberofcolumns=\count194
)
\tikz@expandcount=\count195

("D:\MiKTeX 2.9\tex/generic/pgf/frontendlayer/tikz/libraries\tikzlibrarytopaths
.code.tex"
File: tikzlibrarytopaths.code.tex 2020/01/08 v3.1.5b (3.1.5b)
))) ("D:\MiKTeX 2.9\tex/generic/pgfplots\pgfplots.code.tex" ("D:\MiKTeX 2.9\tex
/generic/pgfplots\pgfplotscore.code.tex"
\t@pgfplots@toka=\toks27
\t@pgfplots@tokb=\toks28
\t@pgfplots@tokc=\toks29
\pgfplots@tmpa=\dimen187
\c@pgfplots@coordindex=\count196
\c@pgfplots@scanlineindex=\count197
("D:\MiKTeX 2.9\tex/generic/pgfplots/sys\pgfplotssysgeneric.code.tex")) ("D:\Mi
KTeX 2.9\tex/generic/pgfplots/libs\pgfplotslibrary.code.tex")
("D:\MiKTeX 2.9\tex/generic/pgfplots/oldpgfcompatib\pgfplotsoldpgfsupp_loader.c
ode.tex" ("D:\MiKTeX 2.9\tex/generic/pgf/libraries\pgflibraryfpu.code.tex")) ("
D:\MiKTeX 2.9\tex/generic/pgfplots/util\pgfplotsutil.code.tex"
("D:\MiKTeX 2.9\tex/generic/pgfplots/liststructure\pgfplotsliststructure.code.t
ex")
("D:\MiKTeX 2.9\tex/generic/pgfplots/liststructure\pgfplotsliststructureext.cod
e.tex") ("D:\MiKTeX 2.9\tex/generic/pgfplots/liststructure\pgfplotsarray.code.t
ex"
\c@pgfplotsarray@tmp=\count198
) ("D:\MiKTeX 2.9\tex/generic/pgfplots/liststructure\pgfplotsmatrix.code.tex") 
("D:\MiKTeX 2.9\tex/generic/pgfplots/numtable\pgfplotstableshared.code.tex"
\c@pgfplotstable@counta=\count199
\t@pgfplotstable@a=\toks30
) ("D:\MiKTeX 2.9\tex/generic/pgfplots/liststructure\pgfplotsdeque.code.tex") (
"D:\MiKTeX 2.9\tex/generic/pgfplots/util\pgfplotsbinary.code.tex" ("D:\MiKTeX 2
.9\tex/generic/pgfplots/util\pgfplotsbinary.data.code.tex")) ("D:\MiKTeX 2.9\te
x/generic/pgfplots/util\pgfplotsutil.verb.code.tex")
("D:\MiKTeX 2.9\tex/generic/pgfplots/libs\pgflibrarypgfplots.surfshading.code.t
ex"
\c@pgfplotslibrarysurf@no=\count266

("D:\MiKTeX 2.9\tex/generic/pgfplots/sys\pgflibrarypgfplots.surfshading.pgfsys-
pdftex.def"))) ("D:\MiKTeX 2.9\tex/generic/pgfplots/util\pgfplotscolormap.code.
tex" ("D:\MiKTeX 2.9\tex/generic/pgfplots/util\pgfplotscolor.code.tex")) ("D:\M
iKTeX 2.9\tex/generic/pgfplots\pgfplotsstackedplots.code.tex") ("D:\MiKTeX 2.9\
tex/generic/pgfplots\pgfplotsplothandlers.code.tex" ("D:\MiKTeX 2.9\tex/generic
/pgfplots\pgfplotsmeshplothandler.code.tex" ("D:\MiKTeX 2.9\tex/generic/pgfplot
s\pgfplotsmeshplotimage.code.tex"))) ("D:\MiKTeX 2.9\tex/generic/pgfplots\pgfpl
ots.scaling.code.tex") ("D:\MiKTeX 2.9\tex/generic/pgfplots\pgfplotscoordproces
sing.code.tex") ("D:\MiKTeX 2.9\tex/generic/pgfplots\pgfplots.errorbars.code.te
x") ("D:\MiKTeX 2.9\tex/generic/pgfplots\pgfplots.markers.code.tex") ("D:\MiKTe
X 2.9\tex/generic/pgfplots\pgfplotsticks.code.tex") ("D:\MiKTeX 2.9\tex/generic
/pgfplots\pgfplots.paths.code.tex")
("D:\MiKTeX 2.9\tex/generic/pgf/frontendlayer/tikz/libraries\tikzlibrarydecorat
ions.code.tex" ("D:\MiKTeX 2.9\tex/generic/pgf/modules\pgfmoduledecorations.cod
e.tex"
\pgfdecoratedcompleteddistance=\dimen188
\pgfdecoratedremainingdistance=\dimen189
\pgfdecoratedinputsegmentcompleteddistance=\dimen190
\pgfdecoratedinputsegmentremainingdistance=\dimen191
\pgf@decorate@distancetomove=\dimen192
\pgf@decorate@repeatstate=\count267
\pgfdecorationsegmentamplitude=\dimen193
\pgfdecorationsegmentlength=\dimen194
)
\tikz@lib@dec@box=\box56
)
("D:\MiKTeX 2.9\tex/generic/pgf/frontendlayer/tikz/libraries\tikzlibrarydecorat
ions.pathmorphing.code.tex"
("D:\MiKTeX 2.9\tex/generic/pgf/libraries/decorations\pgflibrarydecorations.pat
hmorphing.code.tex"))
("D:\MiKTeX 2.9\tex/generic/pgf/frontendlayer/tikz/libraries\tikzlibrarydecorat
ions.pathreplacing.code.tex"
("D:\MiKTeX 2.9\tex/generic/pgf/libraries/decorations\pgflibrarydecorations.pat
hreplacing.code.tex"))
\pgfplots@numplots=\count268
\pgfplots@xmin@reg=\dimen195
\pgfplots@xmax@reg=\dimen196
\pgfplots@ymin@reg=\dimen197
\pgfplots@ymax@reg=\dimen198
\pgfplots@zmin@reg=\dimen199
\pgfplots@zmax@reg=\dimen256
)
("D:\MiKTeX 2.9\tex/generic/pgf/frontendlayer/tikz/libraries\tikzlibraryplotmar
ks.code.tex"
File: tikzlibraryplotmarks.code.tex 2020/01/08 v3.1.5b (3.1.5b)
("D:\MiKTeX 2.9\tex/generic/pgf/libraries\pgflibraryplotmarks.code.tex"
File: pgflibraryplotmarks.code.tex 2020/01/08 v3.1.5b (3.1.5b)
))) ("D:\MiKTeX 2.9\tex/latex/siunitx\siunitx.sty" ("D:\MiKTeX 2.9\tex/latex/l3
kernel\expl3.sty"
Package: expl3 2020-02-14 L3 programming layer (loader) 
("D:\MiKTeX 2.9\tex/latex/l3backend\l3backend-pdfmode.def"
File: l3backend-pdfmode.def 2020-02-03 L3 backend support: PDF mode
\l__kernel_color_stack_int=\count269
\l__pdf_internal_box=\box57
)) ("D:\MiKTeX 2.9\tex/latex/l3packages/xparse\xparse.sty"
Package: xparse 2020-02-14 L3 Experimental document command parser
\l__xparse_current_arg_int=\count270
\g__xparse_grabber_int=\count271
\l__xparse_m_args_int=\count272
\l__xparse_v_nesting_int=\count273
)
Package: siunitx 2020/02/25 v2.8b A comprehensive (SI) units package
("D:\MiKTeX 2.9\tex/latex/amsmath\amstext.sty"
Package: amstext 2000/06/29 v2.01 AMS text
("D:\MiKTeX 2.9\tex/latex/amsmath\amsgen.sty"
File: amsgen.sty 1999/11/30 v2.0 generic functions
\@emptytoks=\toks31
\ex@=\dimen257
)) ("D:\MiKTeX 2.9\tex/latex/tools\array.sty"
Package: array 2019/08/31 v2.4l Tabular extension package (FMi)
\col@sep=\dimen258
\ar@mcellbox=\box58
\extrarowheight=\dimen259
\NC@list=\toks32
\extratabsurround=\skip49
\backup@length=\skip50
\ar@cellbox=\box59
) ("D:\MiKTeX 2.9\tex/latex/l3packages/l3keys2e\l3keys2e.sty"
Package: l3keys2e 2020-02-14 LaTeX2e option processing using LaTeX3 keys
)
\l__siunitx_tmp_box=\box60
\l__siunitx_tmp_dim=\dimen260
\l__siunitx_tmp_int=\count274
\l__siunitx_number_mantissa_length_int=\count275
\l__siunitx_number_uncert_length_int=\count276
\l__siunitx_round_int=\count277
\l__siunitx_process_decimal_int=\count278
\l__siunitx_process_uncertainty_int=\count279
\l__siunitx_process_fixed_int=\count280
\l__siunitx_process_integer_min_int=\count281
\l__siunitx_process_precision_int=\count282
\l__siunitx_group_min_int=\count283
\l__siunitx_angle_marker_box=\box61
\l__siunitx_angle_unit_box=\box62
\l__siunitx_angle_marker_dim=\dimen261
\l__siunitx_angle_unit_dim=\dimen262
\l__siunitx_unit_int=\count284
\l__siunitx_unit_denominator_int=\count285
\l__siunitx_unit_numerator_int=\count286
\l__siunitx_unit_prefix_int=\count287
\l__siunitx_unit_prefix_base_int=\count288
\l__siunitx_unit_prefix_gram_int=\count289
\l__siunitx_number_product_int=\count290
\c__siunitx_one_fill_skip=\skip51
\l__siunitx_table_unit_align_skip=\skip52
\l__siunitx_table_exponent_dim=\dimen263
\l__siunitx_table_integer_dim=\dimen264
\l__siunitx_table_mantissa_dim=\dimen265
\l__siunitx_table_marker_dim=\dimen266
\l__siunitx_table_result_dim=\dimen267
\l__siunitx_table_uncert_dim=\dimen268
\l__siunitx_table_fill_pre_dim=\dimen269
\l__siunitx_table_fill_post_dim=\dimen270
\l__siunitx_table_fill_mid_dim=\dimen271
\l__siunitx_table_pre_box=\box63
\l__siunitx_table_post_box=\box64
\l__siunitx_table_mantissa_box=\box65
\l__siunitx_table_result_box=\box66
\l__siunitx_table_number_align_skip=\skip53
\l__siunitx_table_text_align_skip=\skip54
("D:\MiKTeX 2.9\tex/latex/translator\translator.sty"
Package: translator 2019-05-31 v1.12a Easy translation of strings in LaTeX
))
("D:\MiKTeX 2.9\tex/generic/pgfplots/libs\tikzlibrarypgfplots.groupplots.code.t
ex"
\pgfplots@group@current@plot=\count291
\pgfplots@group@current@row=\count292
\pgfplots@group@current@column=\count293

("D:\MiKTeX 2.9\tex/generic/pgf/frontendlayer/tikz/libraries\tikzlibrarycalc.co
de.tex"
File: tikzlibrarycalc.code.tex 2020/01/08 v3.1.5b (3.1.5b)
)) ("D:\MiKTeX 2.9\tex/generic/pgfplots/libs\tikzlibrarypgfplots.external.code.
tex"
("D:\MiKTeX 2.9\tex/latex/pgf/frontendlayer/libraries\tikzlibraryexternal.code.
tex" ("D:\MiKTeX 2.9\tex/latex/pdftexcmds\pdftexcmds.sty"
Package: pdftexcmds 2019/11/24 v0.31 Utility functions of pdfTeX for LuaTeX (HO
)
("D:\MiKTeX 2.9\tex/generic/infwarerr\infwarerr.sty"
Package: infwarerr 2019/12/03 v1.5 Providing info/warning/error messages (HO)
) ("D:\MiKTeX 2.9\tex/generic/iftex\iftex.sty"
Package: iftex 2019/11/07 v1.0c TeX engine tests
) ("D:\MiKTeX 2.9\tex/generic/ltxcmds\ltxcmds.sty"
Package: ltxcmds 2019/12/15 v1.24 LaTeX kernel commands for general use (HO)
)
Package pdftexcmds Info: \pdf@primitive is available.
Package pdftexcmds Info: \pdf@ifprimitive is available.
Package pdftexcmds Info: \pdfdraftmode found.
) ("D:\MiKTeX 2.9\tex/latex/atveryend\atveryend.sty"
Package: atveryend 2019-12-11 v1.11 Hooks at the very end of document (HO)
Package atveryend Info: \enddocument detected (standard20110627).
)
("D:\MiKTeX 2.9\tex/generic/pgf/frontendlayer/tikz/libraries\tikzexternalshared
.code.tex")))
No auxiliary output files.

\w@pgfexternal@auxout=\write4
No file zad1.aux.
LaTeX Font Info:    Checking defaults for OML/cmm/m/it on input line 26.
LaTeX Font Info:    ... okay on input line 26.
LaTeX Font Info:    Checking defaults for OMS/cmsy/m/n on input line 26.
LaTeX Font Info:    ... okay on input line 26.
LaTeX Font Info:    Checking defaults for OT1/cmr/m/n on input line 26.
LaTeX Font Info:    ... okay on input line 26.
LaTeX Font Info:    Checking defaults for T1/cmr/m/n on input line 26.
LaTeX Font Info:    ... okay on input line 26.
LaTeX Font Info:    Checking defaults for TS1/cmr/m/n on input line 26.
LaTeX Font Info:    ... okay on input line 26.
LaTeX Font Info:    Checking defaults for OMX/cmex/m/n on input line 26.
LaTeX Font Info:    ... okay on input line 26.
LaTeX Font Info:    Checking defaults for U/cmr/m/n on input line 26.
LaTeX Font Info:    ... okay on input line 26.
("D:\MiKTeX 2.9\tex/context/base/mkii\supp-pdf.mkii"
[Loading MPS to PDF converter (version 2006.09.02).]
\scratchcounter=\count294
\scratchdimen=\dimen272
\scratchbox=\box67
\nofMPsegments=\count295
\nofMParguments=\count296
\everyMPshowfont=\toks33
\MPscratchCnt=\count297
\MPscratchDim=\dimen273
\MPnumerator=\count298
\makeMPintoPDFobject=\count299
\everyMPtoPDFconversion=\toks34
) ("D:\MiKTeX 2.9\tex/latex/epstopdf-pkg\epstopdf-base.sty"
Package: epstopdf-base 2020-01-24 v2.11 Base part for package epstopdf
Package epstopdf-base Info: Redefining graphics rule for `.eps' on input line 4
85.
) ABD: EveryShipout initializing macros
Package pgfplots notification 'compat/show suggested version=true': you might b
enefit from \pgfplotsset{compat=1.16} (current compat level: 1.11).

("D:\MiKTeX 2.9\tex/latex/translator\translator-basic-dictionary-English.dict"
Dictionary: translator-basic-dictionary, Language: English 
) ("D:\MiKTeX 2.9\tex/latex/siunitx\siunitx-abbreviations.cfg"
File: siunitx-abbreviations.cfg 2017/11/26 v2.7k siunitx: Abbreviated units
) ("D:\MiKTeX 2.9\tex/latex/siunitx\siunitx-binary.cfg"
File: siunitx-binary.cfg 2017/11/26 v2.7k siunitx: Binary units
)
LaTeX Font Info:    External font `cmex10' loaded for size
(Font)              <10.95> on input line 26.
LaTeX Font Info:    External font `cmex10' loaded for size
(Font)              <8> on input line 26.
LaTeX Font Info:    External font `cmex10' loaded for size
(Font)              <6> on input line 26.
\openout4 = `zad1.dpth'.

PGFPlots: reading {../dane/p1_u.txt}
\tikzexternal@dep@file=\write5
\openout5 = `zad1.dep'.

LaTeX Font Info:    External font `cmex10' loaded for size
(Font)              <5> on input line 49.
LaTeX Font Info:    External font `cmex10' loaded for size
(Font)              <9> on input line 49.
PGFPlots: reading {../dane/p1_y.txt}
[1

{C:/Users/Radek/AppData/Local/MiKTeX/2.9/pdftex/config/pdftex.map}]
Package atveryend Info: Empty hook `BeforeClearDocument' on input line 57.
Package atveryend Info: Empty hook `AfterLastShipout' on input line 57.
Package atveryend Info: Executing hook `AtVeryEndDocument' on input line 57.
Package atveryend Info: Empty hook `AtEndAfterFileList' on input line 57.
Package atveryend Info: Empty hook `AtVeryVeryEnd' on input line 57.
 ) 
Here is how much of TeX's memory you used:
 25386 strings out of 481556
 679707 string characters out of 2930144
 1105590 words of memory out of 3000000
 40244 multiletter control sequences out of 15000+200000
 538339 words of font info for 46 fonts, out of 3000000 for 9000
 1141 hyphenation exceptions out of 8191
 70i,13n,100p,797b,2289s stack positions out of 5000i,500n,10000p,200000b,50000s
<D:/MiKTeX 2.9/fonts/type1/public/amsfonts/cm/cmmi9.pfb><D:/MiKTeX 2.9/fonts/
type1/public/amsfonts/cm/cmr6.pfb>
Output written on zad1.pdf (1 page, 23119 bytes).
PDF statistics:
 17 PDF objects out of 1000 (max. 8388607)
 0 named destinations out of 1000 (max. 500000)
 13 words of extra memory for PDF output out of 10000 (max. 10000000)

